#
# There is insufficient memory for the Java Runtime Environment to continue.
# Native memory allocation (mmap) failed to map 65536 bytes. Error detail: Failed to commit metaspace.
# Possible reasons:
#   The system is out of physical RAM or swap space
#   This process is running with CompressedOops enabled, and the Java Heap may be blocking the growth of the native heap
# Possible solutions:
#   Reduce memory load on the system
#   Increase physical memory or swap space
#   Check if swap backing store is full
#   Decrease Java heap size (-Xmx/-Xms)
#   Decrease number of Java threads
#   Decrease Java thread stack sizes (-Xss)
#   Set larger code cache with -XX:ReservedCodeCacheSize=
#   JVM is running with Zero Based Compressed Oops mode in which the Java heap is
#     placed in the first 32GB address space. The Java Heap base address is the
#     maximum limit for the native heap growth. Please use -XX:HeapBaseMinAddress
#     to set the Java Heap base and to place the Java Heap above 32GB virtual address.
# This output file may be truncated or incomplete.
#
#  Out of Memory Error (virtualSpaceNode.cpp:112), pid=10548, tid=7700
#
# JRE version: OpenJDK Runtime Environment (21.0.3) (build 21.0.3+-12282718-b509.11)
# Java VM: OpenJDK 64-Bit Server VM (21.0.3+-12282718-b509.11, mixed mode, tiered, compressed oops, compressed class ptrs, g1 gc, windows-amd64)
# No core dump will be written. Minidumps are not enabled by default on client versions of Windows
#

---------------  S U M M A R Y ------------

Command Line: git4idea.http.GitAskPassApp Username for 'https://github.com': 

Host: Intel(R) Core(TM) i5-6500T CPU @ 2.50GHz, 4 cores, 15G,  Windows 11 , 64 bit Build 22621 (10.0.22621.4830)
Time: Tue Apr  1 18:03:14 2025 India Standard Time elapsed time: 0.724532 seconds (0d 0h 0m 0s)

---------------  T H R E A D  ---------------

Current thread (0x0000019399905870):  JavaThread "HttpClient-1-Worker-0" daemon [_thread_in_vm, id=7700, stack(0x0000001a2c400000,0x0000001a2c500000) (1024K)]

Stack: [0x0000001a2c400000,0x0000001a2c500000]
Native frames: (J=compiled Java code, j=interpreted, Vv=VM code, C=native code)
V  [jvm.dll+0x6cafb9]
V  [jvm.dll+0x858523]
V  [jvm.dll+0x85aa7e]
V  [jvm.dll+0x85b163]
V  [jvm.dll+0x27d356]
V  [jvm.dll+0x8533fe]
V  [jvm.dll+0x66f385]
V  [jvm.dll+0x66f3ea]
V  [jvm.dll+0x671c46]
V  [jvm.dll+0x671b12]
V  [jvm.dll+0x66fd7e]
V  [jvm.dll+0x679da7]
V  [jvm.dll+0x2145fc]
V  [jvm.dll+0x214b45]
V  [jvm.dll+0x215526]
V  [jvm.dll+0x20a579]
V  [jvm.dll+0x5ad9c3]
V  [jvm.dll+0x21be6b]
V  [jvm.dll+0x7cff51]
V  [jvm.dll+0x7d1012]
V  [jvm.dll+0x7d17e2]
V  [jvm.dll+0x21594c]
V  [jvm.dll+0x20a592]
V  [jvm.dll+0x5ad9c3]
V  [jvm.dll+0x21be6b]
V  [jvm.dll+0x7cff51]
V  [jvm.dll+0x7d1012]
V  [jvm.dll+0x7d17e2]
V  [jvm.dll+0x21594c]
V  [jvm.dll+0x20a592]
V  [jvm.dll+0x5ad9c3]
V  [jvm.dll+0x21be6b]
V  [jvm.dll+0x7cff51]
V  [jvm.dll+0x7d1012]
V  [jvm.dll+0x7d15bf]
V  [jvm.dll+0x7d1268]
V  [jvm.dll+0x4717c4]
C  [java.dll+0x13e9]

Java frames: (J=compiled Java code, j=interpreted, Vv=VM code)
j  java.lang.Class.forName0(Ljava/lang/String;ZLjava/lang/ClassLoader;Ljava/lang/Class;)Ljava/lang/Class;+0 java.base@21.0.3
j  java.lang.Class.forName(Ljava/lang/String;Ljava/lang/Class;)Ljava/lang/Class;+19 java.base@21.0.3
j  java.lang.Class.forName(Ljava/lang/String;)Ljava/lang/Class;+6 java.base@21.0.3
j  java.security.Provider$Service.getImplClass()Ljava/lang/Class;+64 java.base@21.0.3
j  java.security.Provider$Service.getDefaultConstructor()Ljava/lang/reflect/Constructor;+46 java.base@21.0.3
j  java.security.Provider$Service.newInstanceOf()Ljava/lang/Object;+1 java.base@21.0.3
j  java.security.Provider$Service.newInstanceUtil(Ljava/lang/Class;Ljava/lang/Object;)Ljava/lang/Object;+5 java.base@21.0.3
j  java.security.Provider$Service.newInstance(Ljava/lang/Object;)Ljava/lang/Object;+227 java.base@21.0.3
j  javax.crypto.Mac.chooseFirstProvider()V+153 java.base@21.0.3
j  javax.crypto.Mac.getMacLength()I+1 java.base@21.0.3
j  sun.security.ssl.HKDF.<init>(Ljava/lang/String;)V+51 java.base@21.0.3
j  sun.security.ssl.KAKeyDerivation.t13DeriveKey(Ljava/lang/String;Ljava/security/spec/AlgorithmParameterSpec;)Ljavax/crypto/SecretKey;+64 java.base@21.0.3
j  sun.security.ssl.KAKeyDerivation.deriveKey(Ljava/lang/String;Ljava/security/spec/AlgorithmParameterSpec;)Ljavax/crypto/SecretKey;+23 java.base@21.0.3
j  sun.security.ssl.ServerHello$T13ServerHelloConsumer.consume(Lsun/security/ssl/ConnectionContext;Lsun/security/ssl/SSLHandshake$HandshakeMessage;)V+274 java.base@21.0.3
j  sun.security.ssl.ServerHello$ServerHelloConsumer.onServerHello(Lsun/security/ssl/ClientHandshakeContext;Lsun/security/ssl/ServerHello$ServerHelloMessage;)V+291 java.base@21.0.3
j  sun.security.ssl.ServerHello$ServerHelloConsumer.consume(Lsun/security/ssl/ConnectionContext;Ljava/nio/ByteBuffer;)V+136 java.base@21.0.3
j  sun.security.ssl.SSLHandshake.consume(Lsun/security/ssl/ConnectionContext;Ljava/nio/ByteBuffer;)V+13 java.base@21.0.3
j  sun.security.ssl.HandshakeContext.dispatch(BLjava/nio/ByteBuffer;)V+90 java.base@21.0.3
j  sun.security.ssl.SSLEngineImpl$DelegatedTask$DelegatedAction.run()Ljava/lang/Void;+60 java.base@21.0.3
j  sun.security.ssl.SSLEngineImpl$DelegatedTask$DelegatedAction.run()Ljava/lang/Object;+1 java.base@21.0.3
j  java.security.AccessController.executePrivileged(Ljava/security/PrivilegedExceptionAction;Ljava/security/AccessControlContext;Ljava/lang/Class;)Ljava/lang/Object;+29 java.base@21.0.3
j  java.security.AccessController.doPrivileged(Ljava/security/PrivilegedExceptionAction;Ljava/security/AccessControlContext;)Ljava/lang/Object;+13 java.base@21.0.3
j  sun.security.ssl.SSLEngineImpl$DelegatedTask.run()V+66 java.base@21.0.3
j  jdk.internal.net.http.common.SSLFlowDelegate$$Lambda+0x0000000800191080.accept(Ljava/lang/Object;)V+4 java.net.http@21.0.3
j  java.util.ArrayList.forEach(Ljava/util/function/Consumer;)V+46 java.base@21.0.3
j  jdk.internal.net.http.common.SSLFlowDelegate.lambda$executeTasks$3(Ljava/util/List;)V+40 java.net.http@21.0.3
j  jdk.internal.net.http.common.SSLFlowDelegate$$Lambda+0x0000000800190e40.run()V+8 java.net.http@21.0.3
j  jdk.internal.net.http.HttpClientImpl$DelegatingExecutor.execute(Ljava/lang/Runnable;)V+21 java.net.http@21.0.3
j  jdk.internal.net.http.common.SSLFlowDelegate.executeTasks(Ljava/util/List;)V+11 java.net.http@21.0.3
j  jdk.internal.net.http.common.SSLFlowDelegate.doHandshake(Ljdk/internal/net/http/common/SSLFlowDelegate$EngineResult;I)Z+154 java.net.http@21.0.3
j  jdk.internal.net.http.common.SSLFlowDelegate$Reader.processData()V+593 java.net.http@21.0.3
j  jdk.internal.net.http.common.SSLFlowDelegate$Reader$ReaderDownstreamPusher.run()V+4 java.net.http@21.0.3
j  jdk.internal.net.http.common.SequentialScheduler$LockingRestartableTask.run()V+34 java.net.http@21.0.3
j  jdk.internal.net.http.common.SequentialScheduler$CompleteRestartableTask.run(Ljdk/internal/net/http/common/SequentialScheduler$DeferredCompleter;)V+1 java.net.http@21.0.3
j  jdk.internal.net.http.common.SequentialScheduler$SchedulableTask.run()V+14 java.net.http@21.0.3
j  java.util.concurrent.ThreadPoolExecutor.runWorker(Ljava/util/concurrent/ThreadPoolExecutor$Worker;)V+92 java.base@21.0.3
j  java.util.concurrent.ThreadPoolExecutor$Worker.run()V+5 java.base@21.0.3
j  java.lang.Thread.runWith(Ljava/lang/Object;Ljava/lang/Runnable;)V+5 java.base@21.0.3
j  java.lang.Thread.run()V+19 java.base@21.0.3
v  ~StubRoutines::call_stub 0x000001938753100d

---------------  P R O C E S S  ---------------

Threads class SMR info:
_java_thread_list=0x0000019399247b90, length=15, elements={
0x00000193f880d0a0, 0x000001939907d440, 0x000001939907eb80, 0x0000019399069f10,
0x000001939906a840, 0x000001939906b2a0, 0x0000019399061b70, 0x0000019399092370,
0x00000193990bbdd0, 0x00000193992438f0, 0x00000193992519a0, 0x000001939987a4d0,
0x0000019399905870, 0x000001939992c740, 0x000001939986f0b0
}

Java Threads: ( => current thread )
  0x00000193f880d0a0 JavaThread "main"                              [_thread_blocked, id=10292, stack(0x0000001a2b000000,0x0000001a2b100000) (1024K)]
  0x000001939907d440 JavaThread "Reference Handler"          daemon [_thread_blocked, id=10136, stack(0x0000001a2b800000,0x0000001a2b900000) (1024K)]
  0x000001939907eb80 JavaThread "Finalizer"                  daemon [_thread_blocked, id=3040, stack(0x0000001a2b900000,0x0000001a2ba00000) (1024K)]
  0x0000019399069f10 JavaThread "Signal Dispatcher"          daemon [_thread_blocked, id=16156, stack(0x0000001a2ba00000,0x0000001a2bb00000) (1024K)]
  0x000001939906a840 JavaThread "Attach Listener"            daemon [_thread_blocked, id=13556, stack(0x0000001a2bb00000,0x0000001a2bc00000) (1024K)]
  0x000001939906b2a0 JavaThread "Service Thread"             daemon [_thread_blocked, id=6112, stack(0x0000001a2bc00000,0x0000001a2bd00000) (1024K)]
  0x0000019399061b70 JavaThread "Monitor Deflation Thread"   daemon [_thread_blocked, id=15276, stack(0x0000001a2bd00000,0x0000001a2be00000) (1024K)]
  0x0000019399092370 JavaThread "C2 CompilerThread0"         daemon [_thread_in_native, id=8428, stack(0x0000001a2be00000,0x0000001a2bf00000) (1024K)]
  0x00000193990bbdd0 JavaThread "C1 CompilerThread0"         daemon [_thread_blocked, id=308, stack(0x0000001a2bf00000,0x0000001a2c000000) (1024K)]
  0x00000193992438f0 JavaThread "Notification Thread"        daemon [_thread_blocked, id=8116, stack(0x0000001a2c000000,0x0000001a2c100000) (1024K)]
  0x00000193992519a0 JavaThread "Common-Cleaner"             daemon [_thread_blocked, id=3216, stack(0x0000001a2c100000,0x0000001a2c200000) (1024K)]
  0x000001939987a4d0 JavaThread "HttpClient-1-SelectorManager" daemon [_thread_in_native, id=12680, stack(0x0000001a2c200000,0x0000001a2c300000) (1024K)]
=>0x0000019399905870 JavaThread "HttpClient-1-Worker-0"      daemon [_thread_in_vm, id=7700, stack(0x0000001a2c400000,0x0000001a2c500000) (1024K)]
  0x000001939992c740 JavaThread "HttpClient-1-Worker-1"      daemon [_thread_blocked, id=16052, stack(0x0000001a2c500000,0x0000001a2c600000) (1024K)]
  0x000001939986f0b0 JavaThread "C2 CompilerThread1"         daemon [_thread_in_native, id=10312, stack(0x0000001a2c900000,0x0000001a2ca00000) (1024K)]
Total: 15

Other Threads:
  0x00000193ff02d720 VMThread "VM Thread"                           [id=9360, stack(0x0000001a2b700000,0x0000001a2b800000) (1024K)]
  0x00000193fefa4e30 WatcherThread "VM Periodic Task Thread"        [id=9372, stack(0x0000001a2b600000,0x0000001a2b700000) (1024K)]
  0x00000193faa1ba80 WorkerThread "GC Thread#0"                     [id=14472, stack(0x0000001a2b100000,0x0000001a2b200000) (1024K)]
  0x000001939956f640 WorkerThread "GC Thread#1"                     [id=9704, stack(0x0000001a2c600000,0x0000001a2c700000) (1024K)]
  0x0000019399574b90 WorkerThread "GC Thread#2"                     [id=16348, stack(0x0000001a2c700000,0x0000001a2c800000) (1024K)]
  0x0000019399575f40 WorkerThread "GC Thread#3"                     [id=10744, stack(0x0000001a2c800000,0x0000001a2c900000) (1024K)]
  0x00000193faa2c870 ConcurrentGCThread "G1 Main Marker"            [id=3228, stack(0x0000001a2b200000,0x0000001a2b300000) (1024K)]
  0x00000193faa2d4e0 WorkerThread "G1 Conc#0"                       [id=8648, stack(0x0000001a2b300000,0x0000001a2b400000) (1024K)]
  0x00000193faa7ea20 ConcurrentGCThread "G1 Refine#0"               [id=10460, stack(0x0000001a2b400000,0x0000001a2b500000) (1024K)]
  0x00000193fee67b70 ConcurrentGCThread "G1 Service"                [id=1272, stack(0x0000001a2b500000,0x0000001a2b600000) (1024K)]
Total: 10

Threads with active compile tasks:
C2 CompilerThread0      785 1051       4       sun.security.ec.ECOperations::setDouble (463 bytes)
C2 CompilerThread1      785 1078   !   4       java.util.concurrent.ConcurrentHashMap::putVal (432 bytes)
Total: 2

VM state: not at safepoint (normal execution)

VM Mutex/Monitor currently owned by a thread:  ([mutex/lock_event])
[0x00007ffed9dcfec8] Metaspace_lock - owner thread: 0x0000019399905870

Heap address: 0x0000000701e00000, size: 4066 MB, Compressed Oops mode: Zero based, Oop shift amount: 3

CDS archive(s) not mapped
Compressed class space mapped at: 0x0000000800000000-0x0000000840000000, reserved size: 1073741824
Narrow klass base: 0x0000000800000000, Narrow klass shift: 0, Narrow klass range: 0x40000000

GC Precious Log:
 CardTable entry size: 512
 Card Set container configuration: InlinePtr #cards 4 size 8 Array Of Cards #cards 16 size 48 Howl #buckets 8 coarsen threshold 3686 Howl Bitmap #cards 512 size 80 coarsen threshold 460 Card regions per heap region 1 cards per card region 4096
 CPUs: 4 total, 4 available
 Memory: 16263M
 Large Page Support: Disabled
 NUMA Support: Disabled
 Compressed Oops: Enabled (Zero based)
 Heap Region Size: 2M
 Heap Min Capacity: 8M
 Heap Initial Capacity: 256M
 Heap Max Capacity: 4066M
 Pre-touch: Disabled
 Parallel Workers: 4
 Concurrent Workers: 1
 Concurrent Refinement Workers: 4
 Periodic GC: Disabled

Heap:
 garbage-first heap   total 262144K, used 2300K [0x0000000701e00000, 0x0000000800000000)
  region size 2048K, 2 young (4096K), 1 survivors (2048K)
 Metaspace       used 15865K, committed 16128K, reserved 1114112K
  class space    used 1688K, committed 1856K, reserved 1048576K

Heap Regions: E=young(eden), S=young(survivor), O=old, HS=humongous(starts), HC=humongous(continues), CS=collection set, F=free, TAMS=top-at-mark-start, PB=parsable bottom
|   0|0x0000000701e00000, 0x0000000701e3f010, 0x0000000702000000| 12%| O|  |TAMS 0x0000000701e00000| PB 0x0000000701e00000| Untracked 
|   1|0x0000000702000000, 0x0000000702000000, 0x0000000702200000|  0%| F|  |TAMS 0x0000000702000000| PB 0x0000000702000000| Untracked 
|   2|0x0000000702200000, 0x0000000702200000, 0x0000000702400000|  0%| F|  |TAMS 0x0000000702200000| PB 0x0000000702200000| Untracked 
|   3|0x0000000702400000, 0x0000000702400000, 0x0000000702600000|  0%| F|  |TAMS 0x0000000702400000| PB 0x0000000702400000| Untracked 
|   4|0x0000000702600000, 0x0000000702600000, 0x0000000702800000|  0%| F|  |TAMS 0x0000000702600000| PB 0x0000000702600000| Untracked 
|   5|0x0000000702800000, 0x0000000702800000, 0x0000000702a00000|  0%| F|  |TAMS 0x0000000702800000| PB 0x0000000702800000| Untracked 
|   6|0x0000000702a00000, 0x0000000702a00000, 0x0000000702c00000|  0%| F|  |TAMS 0x0000000702a00000| PB 0x0000000702a00000| Untracked 
|   7|0x0000000702c00000, 0x0000000702c00000, 0x0000000702e00000|  0%| F|  |TAMS 0x0000000702c00000| PB 0x0000000702c00000| Untracked 
|   8|0x0000000702e00000, 0x0000000702e00000, 0x0000000703000000|  0%| F|  |TAMS 0x0000000702e00000| PB 0x0000000702e00000| Untracked 
|   9|0x0000000703000000, 0x0000000703000000, 0x0000000703200000|  0%| F|  |TAMS 0x0000000703000000| PB 0x0000000703000000| Untracked 
|  10|0x0000000703200000, 0x0000000703200000, 0x0000000703400000|  0%| F|  |TAMS 0x0000000703200000| PB 0x0000000703200000| Untracked 
|  11|0x0000000703400000, 0x0000000703400000, 0x0000000703600000|  0%| F|  |TAMS 0x0000000703400000| PB 0x0000000703400000| Untracked 
|  12|0x0000000703600000, 0x0000000703600000, 0x0000000703800000|  0%| F|  |TAMS 0x0000000703600000| PB 0x0000000703600000| Untracked 
|  13|0x0000000703800000, 0x0000000703800000, 0x0000000703a00000|  0%| F|  |TAMS 0x0000000703800000| PB 0x0000000703800000| Untracked 
|  14|0x0000000703a00000, 0x0000000703a00000, 0x0000000703c00000|  0%| F|  |TAMS 0x0000000703a00000| PB 0x0000000703a00000| Untracked 
|  15|0x0000000703c00000, 0x0000000703c00000, 0x0000000703e00000|  0%| F|  |TAMS 0x0000000703c00000| PB 0x0000000703c00000| Untracked 
|  16|0x0000000703e00000, 0x0000000703e00000, 0x0000000704000000|  0%| F|  |TAMS 0x0000000703e00000| PB 0x0000000703e00000| Untracked 
|  17|0x0000000704000000, 0x0000000704000000, 0x0000000704200000|  0%| F|  |TAMS 0x0000000704000000| PB 0x0000000704000000| Untracked 
|  18|0x0000000704200000, 0x0000000704200000, 0x0000000704400000|  0%| F|  |TAMS 0x0000000704200000| PB 0x0000000704200000| Untracked 
|  19|0x0000000704400000, 0x0000000704400000, 0x0000000704600000|  0%| F|  |TAMS 0x0000000704400000| PB 0x0000000704400000| Untracked 
|  20|0x0000000704600000, 0x0000000704600000, 0x0000000704800000|  0%| F|  |TAMS 0x0000000704600000| PB 0x0000000704600000| Untracked 
|  21|0x0000000704800000, 0x0000000704800000, 0x0000000704a00000|  0%| F|  |TAMS 0x0000000704800000| PB 0x0000000704800000| Untracked 
|  22|0x0000000704a00000, 0x0000000704a00000, 0x0000000704c00000|  0%| F|  |TAMS 0x0000000704a00000| PB 0x0000000704a00000| Untracked 
|  23|0x0000000704c00000, 0x0000000704c00000, 0x0000000704e00000|  0%| F|  |TAMS 0x0000000704c00000| PB 0x0000000704c00000| Untracked 
|  24|0x0000000704e00000, 0x0000000704e00000, 0x0000000705000000|  0%| F|  |TAMS 0x0000000704e00000| PB 0x0000000704e00000| Untracked 
|  25|0x0000000705000000, 0x0000000705000000, 0x0000000705200000|  0%| F|  |TAMS 0x0000000705000000| PB 0x0000000705000000| Untracked 
|  26|0x0000000705200000, 0x0000000705200000, 0x0000000705400000|  0%| F|  |TAMS 0x0000000705200000| PB 0x0000000705200000| Untracked 
|  27|0x0000000705400000, 0x0000000705400000, 0x0000000705600000|  0%| F|  |TAMS 0x0000000705400000| PB 0x0000000705400000| Untracked 
|  28|0x0000000705600000, 0x0000000705600000, 0x0000000705800000|  0%| F|  |TAMS 0x0000000705600000| PB 0x0000000705600000| Untracked 
|  29|0x0000000705800000, 0x0000000705800000, 0x0000000705a00000|  0%| F|  |TAMS 0x0000000705800000| PB 0x0000000705800000| Untracked 
|  30|0x0000000705a00000, 0x0000000705a00000, 0x0000000705c00000|  0%| F|  |TAMS 0x0000000705a00000| PB 0x0000000705a00000| Untracked 
|  31|0x0000000705c00000, 0x0000000705c00000, 0x0000000705e00000|  0%| F|  |TAMS 0x0000000705c00000| PB 0x0000000705c00000| Untracked 
|  32|0x0000000705e00000, 0x0000000705e00000, 0x0000000706000000|  0%| F|  |TAMS 0x0000000705e00000| PB 0x0000000705e00000| Untracked 
|  33|0x0000000706000000, 0x0000000706000000, 0x0000000706200000|  0%| F|  |TAMS 0x0000000706000000| PB 0x0000000706000000| Untracked 
|  34|0x0000000706200000, 0x0000000706200000, 0x0000000706400000|  0%| F|  |TAMS 0x0000000706200000| PB 0x0000000706200000| Untracked 
|  35|0x0000000706400000, 0x0000000706400000, 0x0000000706600000|  0%| F|  |TAMS 0x0000000706400000| PB 0x0000000706400000| Untracked 
|  36|0x0000000706600000, 0x0000000706600000, 0x0000000706800000|  0%| F|  |TAMS 0x0000000706600000| PB 0x0000000706600000| Untracked 
|  37|0x0000000706800000, 0x0000000706800000, 0x0000000706a00000|  0%| F|  |TAMS 0x0000000706800000| PB 0x0000000706800000| Untracked 
|  38|0x0000000706a00000, 0x0000000706a00000, 0x0000000706c00000|  0%| F|  |TAMS 0x0000000706a00000| PB 0x0000000706a00000| Untracked 
|  39|0x0000000706c00000, 0x0000000706c00000, 0x0000000706e00000|  0%| F|  |TAMS 0x0000000706c00000| PB 0x0000000706c00000| Untracked 
|  40|0x0000000706e00000, 0x0000000706e00000, 0x0000000707000000|  0%| F|  |TAMS 0x0000000706e00000| PB 0x0000000706e00000| Untracked 
|  41|0x0000000707000000, 0x0000000707000000, 0x0000000707200000|  0%| F|  |TAMS 0x0000000707000000| PB 0x0000000707000000| Untracked 
|  42|0x0000000707200000, 0x0000000707200000, 0x0000000707400000|  0%| F|  |TAMS 0x0000000707200000| PB 0x0000000707200000| Untracked 
|  43|0x0000000707400000, 0x0000000707400000, 0x0000000707600000|  0%| F|  |TAMS 0x0000000707400000| PB 0x0000000707400000| Untracked 
|  44|0x0000000707600000, 0x0000000707600000, 0x0000000707800000|  0%| F|  |TAMS 0x0000000707600000| PB 0x0000000707600000| Untracked 
|  45|0x0000000707800000, 0x0000000707800000, 0x0000000707a00000|  0%| F|  |TAMS 0x0000000707800000| PB 0x0000000707800000| Untracked 
|  46|0x0000000707a00000, 0x0000000707a00000, 0x0000000707c00000|  0%| F|  |TAMS 0x0000000707a00000| PB 0x0000000707a00000| Untracked 
|  47|0x0000000707c00000, 0x0000000707c00000, 0x0000000707e00000|  0%| F|  |TAMS 0x0000000707c00000| PB 0x0000000707c00000| Untracked 
|  48|0x0000000707e00000, 0x0000000707e00000, 0x0000000708000000|  0%| F|  |TAMS 0x0000000707e00000| PB 0x0000000707e00000| Untracked 
|  49|0x0000000708000000, 0x0000000708000000, 0x0000000708200000|  0%| F|  |TAMS 0x0000000708000000| PB 0x0000000708000000| Untracked 
|  50|0x0000000708200000, 0x0000000708200000, 0x0000000708400000|  0%| F|  |TAMS 0x0000000708200000| PB 0x0000000708200000| Untracked 
|  51|0x0000000708400000, 0x0000000708400000, 0x0000000708600000|  0%| F|  |TAMS 0x0000000708400000| PB 0x0000000708400000| Untracked 
|  52|0x0000000708600000, 0x0000000708600000, 0x0000000708800000|  0%| F|  |TAMS 0x0000000708600000| PB 0x0000000708600000| Untracked 
|  53|0x0000000708800000, 0x0000000708800000, 0x0000000708a00000|  0%| F|  |TAMS 0x0000000708800000| PB 0x0000000708800000| Untracked 
|  54|0x0000000708a00000, 0x0000000708a00000, 0x0000000708c00000|  0%| F|  |TAMS 0x0000000708a00000| PB 0x0000000708a00000| Untracked 
|  55|0x0000000708c00000, 0x0000000708c00000, 0x0000000708e00000|  0%| F|  |TAMS 0x0000000708c00000| PB 0x0000000708c00000| Untracked 
|  56|0x0000000708e00000, 0x0000000708e00000, 0x0000000709000000|  0%| F|  |TAMS 0x0000000708e00000| PB 0x0000000708e00000| Untracked 
|  57|0x0000000709000000, 0x0000000709000000, 0x0000000709200000|  0%| F|  |TAMS 0x0000000709000000| PB 0x0000000709000000| Untracked 
|  58|0x0000000709200000, 0x0000000709200000, 0x0000000709400000|  0%| F|  |TAMS 0x0000000709200000| PB 0x0000000709200000| Untracked 
|  59|0x0000000709400000, 0x0000000709400000, 0x0000000709600000|  0%| F|  |TAMS 0x0000000709400000| PB 0x0000000709400000| Untracked 
|  60|0x0000000709600000, 0x0000000709600000, 0x0000000709800000|  0%| F|  |TAMS 0x0000000709600000| PB 0x0000000709600000| Untracked 
|  61|0x0000000709800000, 0x0000000709800000, 0x0000000709a00000|  0%| F|  |TAMS 0x0000000709800000| PB 0x0000000709800000| Untracked 
|  62|0x0000000709a00000, 0x0000000709a00000, 0x0000000709c00000|  0%| F|  |TAMS 0x0000000709a00000| PB 0x0000000709a00000| Untracked 
|  63|0x0000000709c00000, 0x0000000709c00000, 0x0000000709e00000|  0%| F|  |TAMS 0x0000000709c00000| PB 0x0000000709c00000| Untracked 
|  64|0x0000000709e00000, 0x0000000709e00000, 0x000000070a000000|  0%| F|  |TAMS 0x0000000709e00000| PB 0x0000000709e00000| Untracked 
|  65|0x000000070a000000, 0x000000070a000000, 0x000000070a200000|  0%| F|  |TAMS 0x000000070a000000| PB 0x000000070a000000| Untracked 
|  66|0x000000070a200000, 0x000000070a200000, 0x000000070a400000|  0%| F|  |TAMS 0x000000070a200000| PB 0x000000070a200000| Untracked 
|  67|0x000000070a400000, 0x000000070a400000, 0x000000070a600000|  0%| F|  |TAMS 0x000000070a400000| PB 0x000000070a400000| Untracked 
|  68|0x000000070a600000, 0x000000070a600000, 0x000000070a800000|  0%| F|  |TAMS 0x000000070a600000| PB 0x000000070a600000| Untracked 
|  69|0x000000070a800000, 0x000000070a800000, 0x000000070aa00000|  0%| F|  |TAMS 0x000000070a800000| PB 0x000000070a800000| Untracked 
|  70|0x000000070aa00000, 0x000000070aa00000, 0x000000070ac00000|  0%| F|  |TAMS 0x000000070aa00000| PB 0x000000070aa00000| Untracked 
|  71|0x000000070ac00000, 0x000000070ac00000, 0x000000070ae00000|  0%| F|  |TAMS 0x000000070ac00000| PB 0x000000070ac00000| Untracked 
|  72|0x000000070ae00000, 0x000000070ae00000, 0x000000070b000000|  0%| F|  |TAMS 0x000000070ae00000| PB 0x000000070ae00000| Untracked 
|  73|0x000000070b000000, 0x000000070b000000, 0x000000070b200000|  0%| F|  |TAMS 0x000000070b000000| PB 0x000000070b000000| Untracked 
|  74|0x000000070b200000, 0x000000070b200000, 0x000000070b400000|  0%| F|  |TAMS 0x000000070b200000| PB 0x000000070b200000| Untracked 
|  75|0x000000070b400000, 0x000000070b400000, 0x000000070b600000|  0%| F|  |TAMS 0x000000070b400000| PB 0x000000070b400000| Untracked 
|  76|0x000000070b600000, 0x000000070b600000, 0x000000070b800000|  0%| F|  |TAMS 0x000000070b600000| PB 0x000000070b600000| Untracked 
|  77|0x000000070b800000, 0x000000070b800000, 0x000000070ba00000|  0%| F|  |TAMS 0x000000070b800000| PB 0x000000070b800000| Untracked 
|  78|0x000000070ba00000, 0x000000070ba00000, 0x000000070bc00000|  0%| F|  |TAMS 0x000000070ba00000| PB 0x000000070ba00000| Untracked 
|  79|0x000000070bc00000, 0x000000070bc00000, 0x000000070be00000|  0%| F|  |TAMS 0x000000070bc00000| PB 0x000000070bc00000| Untracked 
|  80|0x000000070be00000, 0x000000070be00000, 0x000000070c000000|  0%| F|  |TAMS 0x000000070be00000| PB 0x000000070be00000| Untracked 
|  81|0x000000070c000000, 0x000000070c000000, 0x000000070c200000|  0%| F|  |TAMS 0x000000070c000000| PB 0x000000070c000000| Untracked 
|  82|0x000000070c200000, 0x000000070c200000, 0x000000070c400000|  0%| F|  |TAMS 0x000000070c200000| PB 0x000000070c200000| Untracked 
|  83|0x000000070c400000, 0x000000070c400000, 0x000000070c600000|  0%| F|  |TAMS 0x000000070c400000| PB 0x000000070c400000| Untracked 
|  84|0x000000070c600000, 0x000000070c600000, 0x000000070c800000|  0%| F|  |TAMS 0x000000070c600000| PB 0x000000070c600000| Untracked 
|  85|0x000000070c800000, 0x000000070c800000, 0x000000070ca00000|  0%| F|  |TAMS 0x000000070c800000| PB 0x000000070c800000| Untracked 
|  86|0x000000070ca00000, 0x000000070ca00000, 0x000000070cc00000|  0%| F|  |TAMS 0x000000070ca00000| PB 0x000000070ca00000| Untracked 
|  87|0x000000070cc00000, 0x000000070cc00000, 0x000000070ce00000|  0%| F|  |TAMS 0x000000070cc00000| PB 0x000000070cc00000| Untracked 
|  88|0x000000070ce00000, 0x000000070ce00000, 0x000000070d000000|  0%| F|  |TAMS 0x000000070ce00000| PB 0x000000070ce00000| Untracked 
|  89|0x000000070d000000, 0x000000070d000000, 0x000000070d200000|  0%| F|  |TAMS 0x000000070d000000| PB 0x000000070d000000| Untracked 
|  90|0x000000070d200000, 0x000000070d200000, 0x000000070d400000|  0%| F|  |TAMS 0x000000070d200000| PB 0x000000070d200000| Untracked 
|  91|0x000000070d400000, 0x000000070d400000, 0x000000070d600000|  0%| F|  |TAMS 0x000000070d400000| PB 0x000000070d400000| Untracked 
|  92|0x000000070d600000, 0x000000070d600000, 0x000000070d800000|  0%| F|  |TAMS 0x000000070d600000| PB 0x000000070d600000| Untracked 
|  93|0x000000070d800000, 0x000000070d800000, 0x000000070da00000|  0%| F|  |TAMS 0x000000070d800000| PB 0x000000070d800000| Untracked 
|  94|0x000000070da00000, 0x000000070da00000, 0x000000070dc00000|  0%| F|  |TAMS 0x000000070da00000| PB 0x000000070da00000| Untracked 
|  95|0x000000070dc00000, 0x000000070dc00000, 0x000000070de00000|  0%| F|  |TAMS 0x000000070dc00000| PB 0x000000070dc00000| Untracked 
|  96|0x000000070de00000, 0x000000070de00000, 0x000000070e000000|  0%| F|  |TAMS 0x000000070de00000| PB 0x000000070de00000| Untracked 
|  97|0x000000070e000000, 0x000000070e000000, 0x000000070e200000|  0%| F|  |TAMS 0x000000070e000000| PB 0x000000070e000000| Untracked 
|  98|0x000000070e200000, 0x000000070e200000, 0x000000070e400000|  0%| F|  |TAMS 0x000000070e200000| PB 0x000000070e200000| Untracked 
|  99|0x000000070e400000, 0x000000070e400000, 0x000000070e600000|  0%| F|  |TAMS 0x000000070e400000| PB 0x000000070e400000| Untracked 
| 100|0x000000070e600000, 0x000000070e600000, 0x000000070e800000|  0%| F|  |TAMS 0x000000070e600000| PB 0x000000070e600000| Untracked 
| 101|0x000000070e800000, 0x000000070e800000, 0x000000070ea00000|  0%| F|  |TAMS 0x000000070e800000| PB 0x000000070e800000| Untracked 
| 102|0x000000070ea00000, 0x000000070ea00000, 0x000000070ec00000|  0%| F|  |TAMS 0x000000070ea00000| PB 0x000000070ea00000| Untracked 
| 103|0x000000070ec00000, 0x000000070ec00000, 0x000000070ee00000|  0%| F|  |TAMS 0x000000070ec00000| PB 0x000000070ec00000| Untracked 
| 104|0x000000070ee00000, 0x000000070ee00000, 0x000000070f000000|  0%| F|  |TAMS 0x000000070ee00000| PB 0x000000070ee00000| Untracked 
| 105|0x000000070f000000, 0x000000070f000000, 0x000000070f200000|  0%| F|  |TAMS 0x000000070f000000| PB 0x000000070f000000| Untracked 
| 106|0x000000070f200000, 0x000000070f200000, 0x000000070f400000|  0%| F|  |TAMS 0x000000070f200000| PB 0x000000070f200000| Untracked 
| 107|0x000000070f400000, 0x000000070f400000, 0x000000070f600000|  0%| F|  |TAMS 0x000000070f400000| PB 0x000000070f400000| Untracked 
| 108|0x000000070f600000, 0x000000070f600000, 0x000000070f800000|  0%| F|  |TAMS 0x000000070f600000| PB 0x000000070f600000| Untracked 
| 109|0x000000070f800000, 0x000000070f800000, 0x000000070fa00000|  0%| F|  |TAMS 0x000000070f800000| PB 0x000000070f800000| Untracked 
| 110|0x000000070fa00000, 0x000000070fa00000, 0x000000070fc00000|  0%| F|  |TAMS 0x000000070fa00000| PB 0x000000070fa00000| Untracked 
| 111|0x000000070fc00000, 0x000000070fc00000, 0x000000070fe00000|  0%| F|  |TAMS 0x000000070fc00000| PB 0x000000070fc00000| Untracked 
| 112|0x000000070fe00000, 0x000000070fe00000, 0x0000000710000000|  0%| F|  |TAMS 0x000000070fe00000| PB 0x000000070fe00000| Untracked 
| 113|0x0000000710000000, 0x0000000710000000, 0x0000000710200000|  0%| F|  |TAMS 0x0000000710000000| PB 0x0000000710000000| Untracked 
| 114|0x0000000710200000, 0x0000000710200000, 0x0000000710400000|  0%| F|  |TAMS 0x0000000710200000| PB 0x0000000710200000| Untracked 
| 115|0x0000000710400000, 0x0000000710400000, 0x0000000710600000|  0%| F|  |TAMS 0x0000000710400000| PB 0x0000000710400000| Untracked 
| 116|0x0000000710600000, 0x0000000710600000, 0x0000000710800000|  0%| F|  |TAMS 0x0000000710600000| PB 0x0000000710600000| Untracked 
| 117|0x0000000710800000, 0x0000000710800000, 0x0000000710a00000|  0%| F|  |TAMS 0x0000000710800000| PB 0x0000000710800000| Untracked 
| 118|0x0000000710a00000, 0x0000000710a00000, 0x0000000710c00000|  0%| F|  |TAMS 0x0000000710a00000| PB 0x0000000710a00000| Untracked 
| 119|0x0000000710c00000, 0x0000000710c00000, 0x0000000710e00000|  0%| F|  |TAMS 0x0000000710c00000| PB 0x0000000710c00000| Untracked 
| 120|0x0000000710e00000, 0x0000000710e00000, 0x0000000711000000|  0%| F|  |TAMS 0x0000000710e00000| PB 0x0000000710e00000| Untracked 
| 121|0x0000000711000000, 0x0000000711200000, 0x0000000711200000|100%| S|CS|TAMS 0x0000000711000000| PB 0x0000000711000000| Complete 
| 122|0x0000000711200000, 0x0000000711200000, 0x0000000711400000|  0%| F|  |TAMS 0x0000000711200000| PB 0x0000000711200000| Untracked 
| 123|0x0000000711400000, 0x0000000711400000, 0x0000000711600000|  0%| F|  |TAMS 0x0000000711400000| PB 0x0000000711400000| Untracked 
| 124|0x0000000711600000, 0x0000000711600000, 0x0000000711800000|  0%| F|  |TAMS 0x0000000711600000| PB 0x0000000711600000| Untracked 
| 125|0x0000000711800000, 0x0000000711800000, 0x0000000711a00000|  0%| F|  |TAMS 0x0000000711800000| PB 0x0000000711800000| Untracked 
| 126|0x0000000711a00000, 0x0000000711a00000, 0x0000000711c00000|  0%| F|  |TAMS 0x0000000711a00000| PB 0x0000000711a00000| Untracked 
| 127|0x0000000711c00000, 0x0000000711d7fd50, 0x0000000711e00000| 74%| E|  |TAMS 0x0000000711c00000| PB 0x0000000711c00000| Complete 

Card table byte_map: [0x00000193fe300000,0x00000193feb00000] _byte_map_base: 0x00000193faaf1000

Marking Bits: (CMBitMap*) 0x00000193faa1c180
 Bits: [0x000001938f000000, 0x0000019392f88000)

Polling page: 0x00000193f8900000

Metaspace:

Usage:
  Non-class:     13.84 MB used.
      Class:      1.65 MB used.
       Both:     15.49 MB used.

Virtual space:
  Non-class space:       64.00 MB reserved,      13.94 MB ( 22%) committed,  1 nodes.
      Class space:        1.00 GB reserved,       1.81 MB ( <1%) committed,  1 nodes.
             Both:        1.06 GB reserved,      15.75 MB (  1%) committed. 

Chunk freelists:
   Non-Class:  1.89 MB
       Class:  14.17 MB
        Both:  16.06 MB

MaxMetaspaceSize: unlimited
CompressedClassSpaceSize: 1.00 GB
Initial GC threshold: 21.00 MB
Current GC threshold: 21.00 MB
CDS: off
 - commit_granule_bytes: 65536.
 - commit_granule_words: 8192.
 - virtual_space_node_default_size: 8388608.
 - enlarge_chunks_in_place: 1.
 - use_allocation_guard: 0.


Internal statistics:

num_allocs_failed_limit: 0.
num_arena_births: 224.
num_arena_deaths: 0.
num_vsnodes_births: 2.
num_vsnodes_deaths: 0.
num_space_committed: 252.
num_space_uncommitted: 0.
num_chunks_returned_to_freelist: 0.
num_chunks_taken_from_freelist: 399.
num_chunk_merges: 0.
num_chunk_splits: 220.
num_chunks_enlarged: 98.
num_inconsistent_stats: 0.

CodeHeap 'non-profiled nmethods': size=120000Kb used=347Kb max_used=347Kb free=119652Kb
 bounds [0x0000019387ad0000, 0x0000019387d40000, 0x000001938f000000]
CodeHeap 'profiled nmethods': size=120000Kb used=1796Kb max_used=1796Kb free=118203Kb
 bounds [0x0000019380000000, 0x0000019380270000, 0x0000019387530000]
CodeHeap 'non-nmethods': size=5760Kb used=1405Kb max_used=1436Kb free=4354Kb
 bounds [0x0000019387530000, 0x00000193877a0000, 0x0000019387ad0000]
 total_blobs=1591 nmethods=1079 adapters=417
 compilation: enabled
              stopped_count=0, restarted_count=0
 full_count=0

Compilation events (20 events):
Event: 0.715 Thread 0x00000193990bbdd0 nmethod 1072 0x00000193801bd190 code [0x00000193801bd340, 0x00000193801bd510]
Event: 0.715 Thread 0x00000193990bbdd0 1070       3       jdk.internal.org.objectweb.asm.SymbolTable::setMajorVersionAndClassName (19 bytes)
Event: 0.715 Thread 0x00000193990bbdd0 nmethod 1070 0x00000193801bd590 code [0x00000193801bd740, 0x00000193801bd950]
Event: 0.715 Thread 0x00000193990bbdd0 1073       3       java.security.Provider$UString::hashCode (8 bytes)
Event: 0.716 Thread 0x00000193990bbdd0 nmethod 1073 0x00000193801bda90 code [0x00000193801bdc40, 0x00000193801bdd88]
Event: 0.717 Thread 0x00000193990bbdd0 1074       3       java.lang.invoke.MethodHandles$Lookup::resolveOrFail (48 bytes)
Event: 0.717 Thread 0x00000193990bbdd0 nmethod 1074 0x00000193801bde90 code [0x00000193801be0e0, 0x00000193801be7a8]
Event: 0.717 Thread 0x00000193990bbdd0 1077       3       java.lang.invoke.MethodHandles$Lookup::<init> (84 bytes)
Event: 0.717 Thread 0x00000193990bbdd0 nmethod 1077 0x00000193801bea90 code [0x00000193801bec40, 0x00000193801bee98]
Event: 0.717 Thread 0x00000193990bbdd0 1075       3       java.lang.invoke.MethodHandles$Lookup::checkMethodName (45 bytes)
Event: 0.717 Thread 0x000001939986f0b0 1078   !   4       java.util.concurrent.ConcurrentHashMap::putVal (432 bytes)
Event: 0.718 Thread 0x00000193990bbdd0 nmethod 1075 0x00000193801bef90 code [0x00000193801bf1e0, 0x00000193801bf8d8]
Event: 0.718 Thread 0x00000193990bbdd0 1076       3       jdk.internal.ref.CleanerFactory::cleaner (4 bytes)
Event: 0.718 Thread 0x00000193990bbdd0 nmethod 1076 0x00000193801bfc10 code [0x00000193801bfda0, 0x00000193801bfe98]
Event: 0.718 Thread 0x00000193990bbdd0 1079       3       sun.security.ec.XECOperations::bitAt (23 bytes)
Event: 0.718 Thread 0x00000193990bbdd0 nmethod 1079 0x00000193801bff10 code [0x00000193801c00c0, 0x00000193801c0258]
Event: 0.718 Thread 0x00000193990bbdd0 1080       3       sun.security.util.math.intpoly.IntegerPolynomial25519::reduce (40 bytes)
Event: 0.718 Thread 0x00000193990bbdd0 nmethod 1080 0x00000193801c0390 code [0x00000193801c0560, 0x00000193801c0860]
Event: 0.719 Thread 0x00000193990bbdd0 1083       3       sun.security.util.math.intpoly.IntegerPolynomial25519::carryReduce (391 bytes)
Event: 0.719 Thread 0x00000193990bbdd0 nmethod 1083 0x00000193801c0a10 code [0x00000193801c0bc0, 0x00000193801c1020]

GC Heap History (2 events):
Event: 0.635 GC heap before
{Heap before GC invocations=0 (full 0):
 garbage-first heap   total 262144K, used 12288K [0x0000000701e00000, 0x0000000800000000)
  region size 2048K, 6 young (12288K), 0 survivors (0K)
 Metaspace       used 15551K, committed 15808K, reserved 1114112K
  class space    used 1643K, committed 1728K, reserved 1048576K
}
Event: 0.639 GC heap after
{Heap after GC invocations=1 (full 0):
 garbage-first heap   total 262144K, used 2300K [0x0000000701e00000, 0x0000000800000000)
  region size 2048K, 1 young (2048K), 1 survivors (2048K)
 Metaspace       used 15551K, committed 15808K, reserved 1114112K
  class space    used 1643K, committed 1728K, reserved 1048576K
}

Dll operation events (2 events):
Event: 0.008 Loaded shared library C:\Program Files\Android\Android Studio\jbr\bin\java.dll
Event: 0.015 Loaded shared library C:\Program Files\Android\Android Studio\jbr\bin\zip.dll

Deoptimization events (20 events):
Event: 0.718 Thread 0x0000019399905870 Uncommon trap: trap_request=0xffffff66 fr.pc=0x0000019387b22eec relative=0x000000000000030c
Event: 0.718 Thread 0x0000019399905870 Uncommon trap: reason=speculate_class_check action=maybe_recompile pc=0x0000019387b22eec method=sun.security.util.math.intpoly.IntegerPolynomial.multByInt([JJ)V @ 26 c2
Event: 0.718 Thread 0x0000019399905870 DEOPT PACKING pc=0x0000019387b22eec sp=0x0000001a2c4fdfc0
Event: 0.718 Thread 0x0000019399905870 DEOPT UNPACKING pc=0x00000193875846a2 sp=0x0000001a2c4fdf00 mode 2
Event: 0.718 Thread 0x0000019399905870 Uncommon trap: trap_request=0xffffffde fr.pc=0x0000019387b1de20 relative=0x0000000000000260
Event: 0.718 Thread 0x0000019399905870 Uncommon trap: reason=class_check action=maybe_recompile pc=0x0000019387b1de20 method=sun.security.util.math.intpoly.IntegerPolynomial.multByInt([JJ)V @ 26 c2
Event: 0.718 Thread 0x0000019399905870 DEOPT PACKING pc=0x0000019387b1de20 sp=0x0000001a2c4fdf30
Event: 0.718 Thread 0x0000019399905870 DEOPT UNPACKING pc=0x00000193875846a2 sp=0x0000001a2c4fdf00 mode 2
Event: 0.718 Thread 0x0000019399905870 Uncommon trap: trap_request=0xffffffde fr.pc=0x0000019387b1de20 relative=0x0000000000000260
Event: 0.718 Thread 0x0000019399905870 Uncommon trap: reason=class_check action=maybe_recompile pc=0x0000019387b1de20 method=sun.security.util.math.intpoly.IntegerPolynomial.multByInt([JJ)V @ 26 c2
Event: 0.718 Thread 0x0000019399905870 DEOPT PACKING pc=0x0000019387b1de20 sp=0x0000001a2c4fdf30
Event: 0.718 Thread 0x0000019399905870 DEOPT UNPACKING pc=0x00000193875846a2 sp=0x0000001a2c4fdf00 mode 2
Event: 0.718 Thread 0x0000019399905870 Uncommon trap: trap_request=0xffffffde fr.pc=0x0000019387b1de20 relative=0x0000000000000260
Event: 0.718 Thread 0x0000019399905870 Uncommon trap: reason=class_check action=maybe_recompile pc=0x0000019387b1de20 method=sun.security.util.math.intpoly.IntegerPolynomial.multByInt([JJ)V @ 26 c2
Event: 0.718 Thread 0x0000019399905870 DEOPT PACKING pc=0x0000019387b1de20 sp=0x0000001a2c4fdf30
Event: 0.718 Thread 0x0000019399905870 DEOPT UNPACKING pc=0x00000193875846a2 sp=0x0000001a2c4fdf00 mode 2
Event: 0.718 Thread 0x0000019399905870 Uncommon trap: trap_request=0xffffffde fr.pc=0x0000019387b1de20 relative=0x0000000000000260
Event: 0.718 Thread 0x0000019399905870 Uncommon trap: reason=class_check action=maybe_recompile pc=0x0000019387b1de20 method=sun.security.util.math.intpoly.IntegerPolynomial.multByInt([JJ)V @ 26 c2
Event: 0.718 Thread 0x0000019399905870 DEOPT PACKING pc=0x0000019387b1de20 sp=0x0000001a2c4fdf30
Event: 0.718 Thread 0x0000019399905870 DEOPT UNPACKING pc=0x00000193875846a2 sp=0x0000001a2c4fdf00 mode 2

Classes loaded (20 events):
Event: 0.715 Loading class sun/security/ssl/XDHKeyExchange$XDHEKAGenerator done
Event: 0.715 Loading class sun/security/ssl/KAKeyDerivation
Event: 0.715 Loading class sun/security/ssl/KAKeyDerivation done
Event: 0.716 Loading class javax/crypto/KeyAgreementSpi
Event: 0.716 Loading class javax/crypto/KeyAgreementSpi done
Event: 0.716 Loading class javax/crypto/ShortBufferException
Event: 0.716 Loading class javax/crypto/ShortBufferException done
Event: 0.716 Loading class javax/crypto/SecretKey
Event: 0.716 Loading class javax/crypto/SecretKey done
Event: 0.720 Loading class javax/crypto/spec/SecretKeySpec
Event: 0.720 Loading class javax/crypto/spec/SecretKeySpec done
Event: 0.720 Loading class jdk/internal/access/JavaxCryptoSpecAccess
Event: 0.720 Loading class jdk/internal/access/JavaxCryptoSpecAccess done
Event: 0.720 Loading class sun/security/ssl/HKDF
Event: 0.720 Loading class sun/security/ssl/HKDF done
Event: 0.720 Loading class javax/crypto/Mac
Event: 0.721 Loading class javax/crypto/Mac done
Event: 0.721 Loading class com/sun/crypto/provider/HmacCore$HmacSHA256
Event: 0.721 Loading class com/sun/crypto/provider/HmacCore
Event: 0.721 Loading class javax/crypto/MacSpi

Classes unloaded (0 events):
No events

Classes redefined (0 events):
No events

Internal exceptions (20 events):
Event: 0.404 Thread 0x00000193f880d0a0 Exception <a 'java/lang/NoSuchMethodError'{0x000000071197af60}: 'int java.lang.invoke.DirectMethodHandle$Holder.invokeStaticInit(java.lang.Object, int, int)'> (0x000000071197af60) 
thrown [s\src\hotspot\share\interpreter\linkResolver.cpp, line 784]
Event: 0.405 Thread 0x00000193f880d0a0 Exception <a 'java/lang/NoSuchMethodError'{0x0000000711982320}: 'int java.lang.invoke.DirectMethodHandle$Holder.invokeStaticInit(java.lang.Object, long, long)'> (0x0000000711982320) 
thrown [s\src\hotspot\share\interpreter\linkResolver.cpp, line 784]
Event: 0.405 Thread 0x00000193f880d0a0 Exception <a 'java/lang/NoSuchMethodError'{0x0000000711988d60}: 'int java.lang.invoke.DirectMethodHandle$Holder.invokeStaticInit(java.lang.Object, float, float)'> (0x0000000711988d60) 
thrown [s\src\hotspot\share\interpreter\linkResolver.cpp, line 784]
Event: 0.406 Thread 0x00000193f880d0a0 Exception <a 'java/lang/NoSuchMethodError'{0x000000071198f8c0}: 'int java.lang.invoke.DirectMethodHandle$Holder.invokeStaticInit(java.lang.Object, double, double)'> (0x000000071198f8c0) 
thrown [s\src\hotspot\share\interpreter\linkResolver.cpp, line 784]
Event: 0.406 Thread 0x00000193f880d0a0 Exception <a 'java/lang/NoSuchMethodError'{0x0000000711993d48}: 'int java.lang.invoke.DirectMethodHandle$Holder.invokeStatic(java.lang.Object, long)'> (0x0000000711993d48) 
thrown [s\src\hotspot\share\interpreter\linkResolver.cpp, line 784]
Event: 0.412 Thread 0x00000193f880d0a0 Exception <a 'java/lang/NoSuchMethodError'{0x00000007119bfbc8}: 'java.lang.Object java.lang.invoke.DelegatingMethodHandle$Holder.delegate(java.lang.Object, int, java.lang.Object, java.lang.Object)'> (0x00000007119bfbc8) 
thrown [s\src\hotspot\share\interpreter\linkResolver.cpp, line 784]
Event: 0.413 Thread 0x00000193f880d0a0 Exception <a 'java/lang/NoSuchMethodError'{0x00000007119cef20}: 'int java.lang.invoke.Invokers$Holder.linkToTargetMethod(java.lang.Object, java.lang.Object, java.lang.Object)'> (0x00000007119cef20) 
thrown [s\src\hotspot\share\interpreter\linkResolver.cpp, line 784]
Event: 0.417 Thread 0x00000193f880d0a0 Exception <a 'java/lang/NoSuchMethodError'{0x00000007119fda00}: 'long java.lang.invoke.DirectMethodHandle$Holder.invokeSpecial(java.lang.Object, java.lang.Object)'> (0x00000007119fda00) 
thrown [s\src\hotspot\share\interpreter\linkResolver.cpp, line 784]
Event: 0.418 Thread 0x00000193f880d0a0 Exception <a 'java/lang/NoSuchMethodError'{0x00000007116045c0}: 'int java.lang.invoke.DirectMethodHandle$Holder.invokeStatic(java.lang.Object, java.lang.Object, java.lang.Object, java.lang.Object)'> (0x00000007116045c0) 
thrown [s\src\hotspot\share\interpreter\linkResolver.cpp, line 784]
Event: 0.419 Thread 0x00000193f880d0a0 Exception <a 'java/lang/NoSuchMethodError'{0x0000000711607990}: 'java.lang.Object java.lang.invoke.Invokers$Holder.invokeExact_MT(java.lang.Object, java.lang.Object, java.lang.Object, java.lang.Object, java.lang.Object, java.lang.Object)'> (0x0000000711607990) 
thrown [s\src\hotspot\share\interpreter\linkResolver.cpp, line 784]
Event: 0.528 Thread 0x00000193f880d0a0 Exception <a 'java/lang/NoSuchMethodError'{0x00000007117d7c68}: 'java.lang.Object java.lang.invoke.DirectMethodHandle$Holder.newInvokeSpecial(java.lang.Object, java.lang.Object, java.lang.Object, java.lang.Object, java.lang.Object)'> (0x00000007117d7c68) 
thrown [s\src\hotspot\share\interpreter\linkResolver.cpp, line 784]
Event: 0.556 Thread 0x00000193f880d0a0 Exception <a 'java/lang/NoSuchMethodError'{0x0000000711537850}: 'java.lang.Object java.lang.invoke.DirectMethodHandle$Holder.invokeSpecial(java.lang.Object, java.lang.Object, java.lang.Object, java.lang.Object, int)'> (0x0000000711537850) 
thrown [s\src\hotspot\share\interpreter\linkResolver.cpp, line 784]
Event: 0.556 Thread 0x00000193f880d0a0 Exception <a 'java/lang/NoSuchMethodError'{0x000000071153b198}: 'java.lang.Object java.lang.invoke.Invokers$Holder.linkToTargetMethod(java.lang.Object, java.lang.Object, int, java.lang.Object)'> (0x000000071153b198) 
thrown [s\src\hotspot\share\interpreter\linkResolver.cpp, line 784]
Event: 0.562 Thread 0x00000193f880d0a0 Exception <a 'java/lang/NoSuchMethodError'{0x0000000711566130}: 'void java.lang.invoke.DirectMethodHandle$Holder.invokeSpecial(java.lang.Object, java.lang.Object, java.lang.Object)'> (0x0000000711566130) 
thrown [s\src\hotspot\share\interpreter\linkResolver.cpp, line 784]
Event: 0.577 Thread 0x000001939987a4d0 Exception <a 'java/lang/NoSuchMethodError'{0x00000007112079b8}: 'void java.lang.invoke.DirectMethodHandle$Holder.invokeStatic(java.lang.Object, java.lang.Object, int)'> (0x00000007112079b8) 
thrown [s\src\hotspot\share\interpreter\linkResolver.cpp, line 784]
Event: 0.578 Thread 0x00000193f880d0a0 Exception <a 'java/lang/NoSuchMethodError'{0x00000007115dd2c0}: 'void java.lang.invoke.DirectMethodHandle$Holder.invokeSpecial(java.lang.Object, java.lang.Object, java.lang.Object, java.lang.Object, java.lang.Object)'> (0x00000007115dd2c0) 
thrown [s\src\hotspot\share\interpreter\linkResolver.cpp, line 784]
Event: 0.585 Thread 0x000001939987a4d0 Exception <a 'java/lang/NoSuchMethodError'{0x0000000711240478}: 'void java.lang.invoke.DirectMethodHandle$Holder.invokeStatic(java.lang.Object, java.lang.Object)'> (0x0000000711240478) 
thrown [s\src\hotspot\share\interpreter\linkResolver.cpp, line 784]
Event: 0.588 Thread 0x0000019399905870 Exception <a 'java/lang/NoSuchMethodError'{0x00000007112d8640}: 'void java.lang.invoke.DirectMethodHandle$Holder.invokeInterface(java.lang.Object, java.lang.Object, java.lang.Object)'> (0x00000007112d8640) 
thrown [s\src\hotspot\share\interpreter\linkResolver.cpp, line 784]
Event: 0.594 Thread 0x0000019399905870 Exception <a 'java/lang/NoSuchMethodError'{0x0000000711322250}: 'void java.lang.invoke.DirectMethodHandle$Holder.invokeVirtual(java.lang.Object, java.lang.Object)'> (0x0000000711322250) 
thrown [s\src\hotspot\share\interpreter\linkResolver.cpp, line 784]
Event: 0.708 Thread 0x0000019399905870 Exception <a 'java/lang/NoSuchMethodError'{0x0000000711d3a7e0}: 'void java.lang.invoke.DirectMethodHandle$Holder.invokeInterface(java.lang.Object, java.lang.Object)'> (0x0000000711d3a7e0) 
thrown [s\src\hotspot\share\interpreter\linkResolver.cpp, line 784]

ZGC Phase Switch (0 events):
No events

VM Operations (8 events):
Event: 0.132 Executing VM operation: HandshakeAllThreads (Deoptimize)
Event: 0.132 Executing VM operation: HandshakeAllThreads (Deoptimize) done
Event: 0.143 Executing VM operation: HandshakeAllThreads (Deoptimize)
Event: 0.143 Executing VM operation: HandshakeAllThreads (Deoptimize) done
Event: 0.321 Executing VM operation: HandshakeAllThreads (Deoptimize)
Event: 0.321 Executing VM operation: HandshakeAllThreads (Deoptimize) done
Event: 0.635 Executing VM operation: G1CollectForAllocation (G1 Evacuation Pause)
Event: 0.639 Executing VM operation: G1CollectForAllocation (G1 Evacuation Pause) done

Events (20 events):
Event: 0.013 Thread 0x00000193f880d0a0 Thread added: 0x00000193f880d0a0
Event: 0.067 Thread 0x000001939907d440 Thread added: 0x000001939907d440
Event: 0.067 Thread 0x000001939907eb80 Thread added: 0x000001939907eb80
Event: 0.068 Thread 0x0000019399069f10 Thread added: 0x0000019399069f10
Event: 0.068 Thread 0x000001939906a840 Thread added: 0x000001939906a840
Event: 0.068 Thread 0x000001939906b2a0 Thread added: 0x000001939906b2a0
Event: 0.068 Thread 0x0000019399061b70 Thread added: 0x0000019399061b70
Event: 0.068 Thread 0x0000019399092370 Thread added: 0x0000019399092370
Event: 0.069 Thread 0x00000193990bbdd0 Thread added: 0x00000193990bbdd0
Event: 0.103 Thread 0x00000193992438f0 Thread added: 0x00000193992438f0
Event: 0.109 Thread 0x00000193992519a0 Thread added: 0x00000193992519a0
Event: 0.117 Loaded shared library C:\Program Files\Android\Android Studio\jbr\bin\net.dll
Event: 0.119 Loaded shared library C:\Program Files\Android\Android Studio\jbr\bin\nio.dll
Event: 0.127 Loaded shared library C:\Program Files\Android\Android Studio\jbr\bin\zip.dll
Event: 0.202 Loaded shared library C:\Program Files\Android\Android Studio\jbr\bin\jimage.dll
Event: 0.516 Loaded shared library C:\Program Files\Android\Android Studio\jbr\bin\extnet.dll
Event: 0.522 Thread 0x000001939987a4d0 Thread added: 0x000001939987a4d0
Event: 0.584 Thread 0x0000019399905870 Thread added: 0x0000019399905870
Event: 0.600 Thread 0x000001939992c740 Thread added: 0x000001939992c740
Event: 0.648 Thread 0x000001939986f0b0 Thread added: 0x000001939986f0b0


Dynamic libraries:
0x00007ff70a210000 - 0x00007ff70a21a000 	C:\Program Files\Android\Android Studio\jbr\bin\java.exe
0x00007fff5feb0000 - 0x00007fff600c7000 	C:\Windows\SYSTEM32\ntdll.dll
0x00007fff5e690000 - 0x00007fff5e754000 	C:\Windows\System32\KERNEL32.DLL
0x00007fff5d4d0000 - 0x00007fff5d8a0000 	C:\Windows\System32\KERNELBASE.dll
0x00007fff5d8a0000 - 0x00007fff5d9b1000 	C:\Windows\System32\ucrtbase.dll
0x00007fff45170000 - 0x00007fff4518b000 	C:\Program Files\Android\Android Studio\jbr\bin\VCRUNTIME140.dll
0x00007fff452e0000 - 0x00007fff452f8000 	C:\Program Files\Android\Android Studio\jbr\bin\jli.dll
0x00007fff5e040000 - 0x00007fff5e1ee000 	C:\Windows\System32\USER32.dll
0x00007fff52d00000 - 0x00007fff52f92000 	C:\Windows\WinSxS\amd64_microsoft.windows.common-controls_6595b64144ccf1df_6.0.22621.4830_none_270fe7d773858e80\COMCTL32.dll
0x00007fff5d420000 - 0x00007fff5d446000 	C:\Windows\System32\win32u.dll
0x00007fff5e1f0000 - 0x00007fff5e297000 	C:\Windows\System32\msvcrt.dll
0x00007fff5e010000 - 0x00007fff5e039000 	C:\Windows\System32\GDI32.dll
0x00007fff5d300000 - 0x00007fff5d41b000 	C:\Windows\System32\gdi32full.dll
0x00007fff5da40000 - 0x00007fff5dada000 	C:\Windows\System32\msvcp_win.dll
0x00007fff5f310000 - 0x00007fff5f341000 	C:\Windows\System32\IMM32.DLL
0x00007fff45160000 - 0x00007fff4516c000 	C:\Program Files\Android\Android Studio\jbr\bin\vcruntime140_1.dll
0x00007fff211f0000 - 0x00007fff2127d000 	C:\Program Files\Android\Android Studio\jbr\bin\msvcp140.dll
0x00007ffed9230000 - 0x00007ffed9ead000 	C:\Program Files\Android\Android Studio\jbr\bin\server\jvm.dll
0x00007fff5e760000 - 0x00007fff5e811000 	C:\Windows\System32\ADVAPI32.dll
0x00007fff5e820000 - 0x00007fff5e8c7000 	C:\Windows\System32\sechost.dll
0x00007fff5d2d0000 - 0x00007fff5d2f8000 	C:\Windows\System32\bcrypt.dll
0x00007fff5e570000 - 0x00007fff5e684000 	C:\Windows\System32\RPCRT4.dll
0x00007fff5fba0000 - 0x00007fff5fc11000 	C:\Windows\System32\WS2_32.dll
0x00007fff5d030000 - 0x00007fff5d07d000 	C:\Windows\SYSTEM32\POWRPROF.dll
0x00007fff57040000 - 0x00007fff5704a000 	C:\Windows\SYSTEM32\VERSION.dll
0x00007fff47020000 - 0x00007fff47054000 	C:\Windows\SYSTEM32\WINMM.dll
0x00007fff5d010000 - 0x00007fff5d023000 	C:\Windows\SYSTEM32\UMPDC.dll
0x00007fff5c1a0000 - 0x00007fff5c1b8000 	C:\Windows\SYSTEM32\kernel.appcore.dll
0x00007fff45150000 - 0x00007fff4515a000 	C:\Program Files\Android\Android Studio\jbr\bin\jimage.dll
0x00007fff56e00000 - 0x00007fff57032000 	C:\Windows\SYSTEM32\DBGHELP.DLL
0x00007fff5dc20000 - 0x00007fff5dfb0000 	C:\Windows\System32\combase.dll
0x00007fff5fd90000 - 0x00007fff5fe67000 	C:\Windows\System32\OLEAUT32.dll
0x00007fff56b90000 - 0x00007fff56bc2000 	C:\Windows\SYSTEM32\dbgcore.DLL
0x00007fff5d450000 - 0x00007fff5d4cb000 	C:\Windows\System32\bcryptPrimitives.dll
0x00007fff43540000 - 0x00007fff4355f000 	C:\Program Files\Android\Android Studio\jbr\bin\java.dll
0x00007fff3da90000 - 0x00007fff3daa8000 	C:\Program Files\Android\Android Studio\jbr\bin\zip.dll
0x00007fff5e8d0000 - 0x00007fff5f148000 	C:\Windows\System32\SHELL32.dll
0x00007fff5b0b0000 - 0x00007fff5b9c0000 	C:\Windows\SYSTEM32\windows.storage.dll
0x00007fff5af70000 - 0x00007fff5b0af000 	C:\Windows\SYSTEM32\wintypes.dll
0x00007fff5fc20000 - 0x00007fff5fd2a000 	C:\Windows\System32\SHCORE.dll
0x00007fff5fd30000 - 0x00007fff5fd8e000 	C:\Windows\System32\shlwapi.dll
0x00007fff5d090000 - 0x00007fff5d0bb000 	C:\Windows\SYSTEM32\profapi.dll
0x00007fff3da80000 - 0x00007fff3da90000 	C:\Program Files\Android\Android Studio\jbr\bin\net.dll
0x00007fff56c80000 - 0x00007fff56dac000 	C:\Windows\SYSTEM32\WINHTTP.dll
0x00007fff5c620000 - 0x00007fff5c68a000 	C:\Windows\system32\mswsock.dll
0x00007fff3da60000 - 0x00007fff3da76000 	C:\Program Files\Android\Android Studio\jbr\bin\nio.dll
0x00007fff5c870000 - 0x00007fff5c88b000 	C:\Windows\SYSTEM32\CRYPTSP.dll
0x00007fff5c100000 - 0x00007fff5c135000 	C:\Windows\system32\rsaenh.dll
0x00007fff5c710000 - 0x00007fff5c738000 	C:\Windows\SYSTEM32\USERENV.dll
0x00007fff5c890000 - 0x00007fff5c89c000 	C:\Windows\SYSTEM32\CRYPTBASE.dll
0x00007fff5bc20000 - 0x00007fff5bc4d000 	C:\Windows\SYSTEM32\IPHLPAPI.DLL
0x00007fff5dba0000 - 0x00007fff5dba9000 	C:\Windows\System32\NSI.dll
0x00007fff3a090000 - 0x00007fff3a098000 	C:\Windows\system32\wshunix.dll
0x00007fff3ba60000 - 0x00007fff3ba69000 	C:\Program Files\Android\Android Studio\jbr\bin\extnet.dll

dbghelp: loaded successfully - version: 4.0.5 - missing functions: none
symbol engine: initialized successfully - sym options: 0x614 - pdb path: .;C:\Program Files\Android\Android Studio\jbr\bin;C:\Windows\SYSTEM32;C:\Windows\WinSxS\amd64_microsoft.windows.common-controls_6595b64144ccf1df_6.0.22621.4830_none_270fe7d773858e80;C:\Program Files\Android\Android Studio\jbr\bin\server

VM Arguments:
java_command: git4idea.http.GitAskPassApp Username for 'https://github.com': 
java_class_path (initial): C:/Program Files/Android/Android Studio/plugins/vcs-git/lib/git4idea-rt.jar;C:/Program Files/Android/Android Studio/lib/externalProcess-rt.jar
Launcher Type: SUN_STANDARD

[Global flags]
     intx CICompilerCount                          = 3                                         {product} {ergonomic}
     uint ConcGCThreads                            = 1                                         {product} {ergonomic}
     uint G1ConcRefinementThreads                  = 4                                         {product} {ergonomic}
   size_t G1HeapRegionSize                         = 2097152                                   {product} {ergonomic}
    uintx GCDrainStackTargetSize                   = 64                                        {product} {ergonomic}
   size_t InitialHeapSize                          = 268435456                                 {product} {ergonomic}
   size_t MarkStackSize                            = 4194304                                   {product} {ergonomic}
   size_t MaxHeapSize                              = 4263510016                                {product} {ergonomic}
   size_t MaxNewSize                               = 2556428288                                {product} {ergonomic}
   size_t MinHeapDeltaBytes                        = 2097152                                   {product} {ergonomic}
   size_t MinHeapSize                              = 8388608                                   {product} {ergonomic}
    uintx NonNMethodCodeHeapSize                   = 5832780                                {pd product} {ergonomic}
    uintx NonProfiledCodeHeapSize                  = 122912730                              {pd product} {ergonomic}
    uintx ProfiledCodeHeapSize                     = 122912730                              {pd product} {ergonomic}
    uintx ReservedCodeCacheSize                    = 251658240                              {pd product} {ergonomic}
     bool SegmentedCodeCache                       = true                                      {product} {ergonomic}
   size_t SoftMaxHeapSize                          = 4263510016                             {manageable} {ergonomic}
     bool UseCompressedOops                        = true                           {product lp64_product} {ergonomic}
     bool UseG1GC                                  = true                                      {product} {ergonomic}
     bool UseLargePagesIndividualAllocation        = false                                  {pd product} {ergonomic}

Logging:
Log output configuration:
 #0: stdout all=warning uptime,level,tags foldmultilines=false
 #1: stderr all=off uptime,level,tags foldmultilines=false

Environment Variables:
PATH=C:\Program Files\Git\mingw64\libexec\git-core;C:\Program Files\Git\mingw64\libexec\git-core;C:\Program Files\Git\mingw64\bin;C:\Program Files\Git\usr\bin;C:\Users\Hp\bin;C:\Program Files\Common Files\Oracle\Java\javapath;C:\Python312\Scripts;C:\Python312;C:\Windows\system32;C:\Windows;C:\Windows\System32\Wbem;C:\Windows\System32\WindowsPowerShell\v1.0;C:\Windows\System32\OpenSSH;C:\xampp2\php;C:\composer;C:\xampp\php;C:\Program Files\PuTTY;C:\Program Files\nodejs;C:\ProgramData\chocolatey\bin;C:\Program Files (x86)\Bitvise SSH Client;C:\Program Files\Git\cmd;C:\Program Files\TortoiseSVN\bin;C:\Users\Hp\AppData\Local\Programs\Python\Python313\Scripts;C:\Users\Hp\AppData\Local\Programs\Python\Python313;C:\composer\composer.phar;C:\Users\Hp\AppData\Roaming\Composer\vendor\bin;C:\Users\Hp\AppData\Local\Programs\Microsoft VS Code\bin;C:\Users\Hp\AppData\Roaming\npm;C:\Program Files\JetBrains\IntelliJ IDEA Community Edition 2024.3.2.2\bin
USERNAME=Hp
DISPLAY=:0.0
LC_ALL=en_US.UTF-8
TERM=xterm-256color
TMPDIR=C:\Users\Hp\AppData\Local\Temp
OS=Windows_NT
PROCESSOR_IDENTIFIER=Intel64 Family 6 Model 94 Stepping 3, GenuineIntel
TMP=C:\Users\Hp\AppData\Local\Temp
TEMP=C:\Users\Hp\AppData\Local\Temp




Periodic native trim disabled

JNI global refs:
JNI global refs: 19, weak refs: 0

JNI global refs memory usage: 835, weak refs: 833

Process memory usage:
Resident Set Size: 76560K (0% of 16654004K total physical memory with 1318172K free physical memory)

OOME stack traces (most recent first):
Classloader memory used:
Loader bootstrap                                                                       : 14335K
Loader jdk.internal.loader.ClassLoaders$PlatformClassLoader                            : 1514K
Loader jdk.internal.loader.ClassLoaders$AppClassLoader                                 : 16408B

---------------  S Y S T E M  ---------------

OS:
 Windows 11 , 64 bit Build 22621 (10.0.22621.4830)
OS uptime: 41 days 5:38 hours

CPU: total 4 (initial active 4) (4 cores per cpu, 1 threads per core) family 6 model 94 stepping 3 microcode 0xf0, cx8, cmov, fxsr, mmx, 3dnowpref, sse, sse2, sse3, ssse3, sse4.1, sse4.2, popcnt, lzcnt, tsc, tscinvbit, avx, avx2, aes, erms, clmul, bmi1, bmi2, rtm, adx, fma, vzeroupper, clflush, clflushopt, rdtscp, f16c
Processor Information for all 4 processors :
  Max Mhz: 2496, Current Mhz: 2496, Mhz Limit: 2496

Memory: 4k page, system-wide physical 16263M (1287M free)
TotalPageFile size 65128M (AvailPageFile size 3M)
current process WorkingSet (physical memory assigned to process): 74M, peak: 74M
current process commit charge ("private bytes"): 347M, peak: 348M

vm_info: OpenJDK 64-Bit Server VM (21.0.3+-12282718-b509.11) for windows-amd64 JRE (21.0.3+-12282718-b509.11), built on 2024-08-27T17:34:15Z by "builder" with MS VC++ 16.10 / 16.11 (VS2019)

END.
