#
# A fatal error has been detected by the Java Runtime Environment:
#
#  EXCEPTION_UNCAUGHT_CXX_EXCEPTION (0xe06d7363) at pc=0x00007fff5d52fe3c, pid=14156, tid=13140
#
# JRE version: OpenJDK Runtime Environment (21.0.3) (build 21.0.3+-12282718-b509.11)
# Java VM: OpenJDK 64-Bit Server VM (21.0.3+-12282718-b509.11, mixed mode, tiered, compressed oops, compressed class ptrs, g1 gc, windows-amd64)
# Problematic frame:
# C  [KERNELBASE.dll+0x5fe3c]
#
# No core dump will be written. Minidumps are not enabled by default on client versions of Windows
#
# If you would like to submit a bug report, please visit:
#   https://youtrack.jetbrains.com/issues/JBR
#

---------------  S U M M A R Y ------------

Command Line: git4idea.http.GitAskPassApp Username for 'https://github.com': 

Host: Intel(R) Core(TM) i5-6500T CPU @ 2.50GHz, 4 cores, 15G,  Windows 11 , 64 bit Build 22621 (10.0.22621.4830)
Time: Tue Apr  1 18:14:21 2025 India Standard Time elapsed time: 0.161194 seconds (0d 0h 0m 0s)

---------------  T H R E A D  ---------------

Current thread (0x000001db1043f1e0):  JavaThread "main"             [_thread_in_vm, id=13140, stack(0x00000095f9900000,0x00000095f9a00000) (1024K)]

Stack: [0x00000095f9900000,0x00000095f9a00000],  sp=0x00000095f99fd5e0,  free space=1013k
Native frames: (J=compiled Java code, j=interpreted, Vv=VM code, C=native code)
C  [KERNELBASE.dll+0x5fe3c]
C  [VCRUNTIME140.dll+0x6480]
C  [jimage.dll+0x32a3]
C  [jimage.dll+0x2a11]
C  [jimage.dll+0x145b]
C  [jimage.dll+0x1e87]
C  [jimage.dll+0x1f1e]
C  [jimage.dll+0x265a]
V  [jvm.dll+0x21cf4d]
V  [jvm.dll+0x21be02]
V  [jvm.dll+0x7cff51]
V  [jvm.dll+0x7d1012]
V  [jvm.dll+0x7d15bf]
V  [jvm.dll+0x7d1268]
V  [jvm.dll+0x26c18b]
V  [jvm.dll+0x26c3a5]
V  [jvm.dll+0x5d0791]
V  [jvm.dll+0x5d2ea4]
V  [jvm.dll+0x3d45b2]
V  [jvm.dll+0x3d4050]
C  0x000001db1aac7751

The last pc belongs to getstatic (printed below).
Java frames: (J=compiled Java code, j=interpreted, Vv=VM code)
j  sun.security.util.SecurityProviderConstants.<clinit>()V+524 java.base@21.0.3
v  ~StubRoutines::call_stub 0x000001db1aab100d
j  sun.security.provider.SunEntries.addWithAlias(Ljava/security/Provider;Ljava/lang/String;Ljava/lang/String;Ljava/lang/String;Ljava/util/HashMap;)V+14 java.base@21.0.3
j  sun.security.provider.SunEntries.<init>(Ljava/security/Provider;)V+166 java.base@21.0.3
j  sun.security.provider.Sun.<init>()V+18 java.base@21.0.3
j  sun.security.jca.ProviderConfig.getProvider()Ljava/security/Provider;+67 java.base@21.0.3
j  sun.security.jca.ProviderList.getProvider(I)Ljava/security/Provider;+6 java.base@21.0.3
j  sun.security.jca.ProviderList.getService(Ljava/lang/String;Ljava/lang/String;)Ljava/security/Provider$Service;+88 java.base@21.0.3
j  sun.security.jca.GetInstance.getInstance(Ljava/lang/String;Ljava/lang/Class;Ljava/lang/String;)Lsun/security/jca/GetInstance$Instance;+7 java.base@21.0.3
j  javax.net.ssl.SSLContext.getInstance(Ljava/lang/String;)Ljavax/net/ssl/SSLContext;+12 java.base@21.0.3
j  externalApp.ExternalAppUtil.sendIdeRequest(Ljava/lang/String;ILjava/lang/String;Ljava/lang/String;)LexternalApp/ExternalAppUtil$Result;+34
j  git4idea.http.GitAskPassApp.main([Ljava/lang/String;)V+37
v  ~StubRoutines::call_stub 0x000001db1aab100d

siginfo: EXCEPTION_UNCAUGHT_CXX_EXCEPTION (0xe06d7363), ExceptionInformation=0x0000000019930520 0x00000095f99fd740 0x00007fff45155198 0x00007fff45150000 


Registers:
RAX=0x000000000006051e, RBX=0x00007fff45155198, RCX=0x00000095f99fe2b0, RDX=0x000001db29bdb0b0
RSP=0x00000095f99fd5e0, RBP=0x00000095f99fd870, RSI=0x00000095f99fd740, RDI=0x0000000019930520
R8 =0x000001db2989a140, R9 =0x0000000000000000, R10=0x000000000000000b, R11=0x00000095f99fcf50
R12=0x0000000000007876, R13=0x000001db1043f860, R14=0x000001db29c78390, R15=0x000001db29c78390
RIP=0x00007fff5d52fe3c, EFLAGS=0x0000000000000206


Register to memory mapping:

RAX=0x000000000006051e is an unknown value
RBX=0x00007fff45155198 jimage.dll
RCX=0x00000095f99fe2b0 is pointing into the stack for thread: 0x000001db1043f1e0
RDX=0x000001db29bdb0b0 points into unknown readable memory: 0x00007ffed9b7aee8 | e8 ae b7 d9 fe 7f 00 00
RSP=0x00000095f99fd5e0 is pointing into the stack for thread: 0x000001db1043f1e0
RBP=0x00000095f99fd870 is pointing into the stack for thread: 0x000001db1043f1e0
RSI=0x00000095f99fd740 is pointing into the stack for thread: 0x000001db1043f1e0
RDI=0x0000000019930520 is an unknown value
R8 =0x000001db2989a140 points into unknown readable memory: 0x000001db298a07e0 | e0 07 8a 29 db 01 00 00
R9 =0x0 is null
R10=0x000000000000000b is an unknown value
R11=0x00000095f99fcf50 is pointing into the stack for thread: 0x000001db1043f1e0
R12=0x0000000000007876 is an unknown value
R13=0x000001db1043f860 points into unknown readable memory: 0x756365732f6e7573 | 73 75 6e 2f 73 65 63 75
R14=0x000001db29c78390 points into unknown readable memory: 0x0000000000000000 | 00 00 00 00 00 00 00 00
R15=0x000001db29c78390 points into unknown readable memory: 0x0000000000000000 | 00 00 00 00 00 00 00 00

Top of Stack: (sp=0x00000095f99fd5e0)
0x00000095f99fd5e0:   0000000000000000 00007fff45155198
0x00000095f99fd5f0:   00000095f99fd740 000001db29c79ed0
0x00000095f99fd600:   00000081e06d7363 0000000000000000
0x00000095f99fd610:   00007fff5d52fe3c 0000000000000004
0x00000095f99fd620:   0000000019930520 00000095f99fd740
0x00000095f99fd630:   00007fff45155198 00007fff45150000
0x00000095f99fd640:   000001db00000000 000001db00000002
0x00000095f99fd650:   0000000000000000 00007fff45155198
0x00000095f99fd660:   000001db29c78390 00007fff5ff26bef
0x00000095f99fd670:   00000095f99fd6e0 00007fff45157000
0x00000095f99fd680:   00000095f99fd740 0000000019930520
0x00000095f99fd690:   00007fff45157000 00007fff45150000
0x00000095f99fd6a0:   00006ba34e8b4bb3 00007fff5d4f95eb
0x00000095f99fd6b0:   00007fff45155198 00007fff45176480
0x00000095f99fd6c0:   0000e834173708d5 0000000000000000
0x00000095f99fd6d0:   0000000000000008 00007fff5d8c0475
0x00000095f99fd6e0:   00007fff45150000 0000000019930520
0x00000095f99fd6f0:   00000095f99fd740 00007fff45155198
0x00000095f99fd700:   00007fff45150000 00007fff5d91a649
0x00000095f99fd710:   000001db110a3c6e 00007fff451532a3
0x00000095f99fd720:   0000000000000000 000001db110a3c6e
0x00000095f99fd730:   0000000000007876 000001db110a3c6e
0x00000095f99fd740:   00007fff45154468 00007fff45154478
0x00000095f99fd750:   0000000000000000 00000095f99f0000
0x00000095f99fd760:   000001db110a3c6e 00007fff45152a11
0x00000095f99fd770:   0000000000007876 00000095f99fc6c0
0x00000095f99fd780:   00007ffed965128d 000001db1043f1e0
0x00000095f99fd790:   000001db110a3c6e 00007fff4515145b
0x00000095f99fd7a0:   00007ffed943c53d 000001db29e60830
0x00000095f99fd7b0:   00007ffed943a800 0000000000000000
0x00000095f99fd7c0:   00000095f99fe6d0 00000095f99fe6d4
0x00000095f99fd7d0:   00000000cafefafa 0000000000003477 

Instructions: (pc=0x00007fff5d52fe3c)
0x00007fff5d52fd3c:   ff 4c 8d 05 b4 31 2f 00 33 d2 b9 00 00 10 00 e8
0x00007fff5d52fd4c:   a0 41 fe ff 4c 8b f0 48 89 44 24 58 48 85 c0 0f
0x00007fff5d52fd5c:   84 0b fe ff ff 4c 8d 05 78 31 2f 00 33 d2 8d 4a
0x00007fff5d52fd6c:   02 e8 7e 41 fe ff 48 8b f8 48 89 44 24 50 e9 ed
0x00007fff5d52fd7c:   fd ff ff 45 33 c0 49 8b d7 48 83 c9 ff e8 c2 a5
0x00007fff5d52fd8c:   01 00 e9 08 ff ff ff 48 8b 0d 5e 12 32 00 e8 f1
0x00007fff5d52fd9c:   c3 fd ff 48 8b cf e8 89 98 fc ff e9 f8 fe ff ff
0x00007fff5d52fdac:   49 8b ce e8 7c 98 fc ff e9 f4 fe ff ff 48 8b ce
0x00007fff5d52fdbc:   e8 6f 98 fc ff e9 f0 fe ff ff cc cc 71 18 d3 7a
0x00007fff5d52fdcc:   1a 87 89 f9 48 81 ec d8 00 00 00 48 8b 05 12 e2
0x00007fff5d52fddc:   31 00 48 33 c4 48 89 84 24 c0 00 00 00 48 83 64
0x00007fff5d52fdec:   24 28 00 48 8d 05 da ff ff ff 83 e2 01 89 4c 24
0x00007fff5d52fdfc:   20 89 54 24 24 48 89 44 24 30 4d 85 c9 74 4f b8
0x00007fff5d52fe0c:   0f 00 00 00 48 8d 4c 24 40 44 3b c0 49 8b d1 41
0x00007fff5d52fe1c:   0f 46 c0 44 8b c0 44 89 44 24 38 49 c1 e0 03 e8
0x00007fff5d52fe2c:   17 23 09 00 48 8d 4c 24 20 48 ff 15 64 52 22 00
0x00007fff5d52fe3c:   0f 1f 44 00 00 48 8b 8c 24 c0 00 00 00 48 33 cc
0x00007fff5d52fe4c:   e8 df 0e 05 00 48 81 c4 d8 00 00 00 c3 cc 83 64
0x00007fff5d52fe5c:   24 38 00 eb cf cc cc cc cc cc cc cc 48 8b c4 48
0x00007fff5d52fe6c:   89 58 08 48 89 70 10 48 89 78 18 4c 89 68 20 55
0x00007fff5d52fe7c:   41 56 41 57 48 8d 68 a1 48 81 ec e0 00 00 00 48
0x00007fff5d52fe8c:   8b 05 5e e1 31 00 48 33 c4 48 89 45 3f 45 33 ff
0x00007fff5d52fe9c:   66 c7 45 2b 00 05 48 8d 45 c7 44 89 7d 27 48 89
0x00007fff5d52feac:   44 24 50 48 8d 4d 27 44 89 7c 24 48 45 33 c9 44
0x00007fff5d52febc:   89 7c 24 40 45 8d 47 12 44 89 7c 24 38 b2 01 44
0x00007fff5d52fecc:   89 7c 24 30 41 8b df 44 89 7c 24 28 41 8b ff 44
0x00007fff5d52fedc:   89 7c 24 20 45 8b f7 44 89 7d 2f 66 c7 45 33 00
0x00007fff5d52feec:   01 44 89 7d 37 66 c7 45 3b 00 10 4c 89 7d c7 4c
0x00007fff5d52fefc:   89 7d cf 4c 89 7d d7 4c 89 7d df 48 ff 15 b2 52
0x00007fff5d52ff0c:   22 00 0f 1f 44 00 00 85 c0 0f 88 a7 02 00 00 48
0x00007fff5d52ff1c:   8d 45 cf 41 b9 20 02 00 00 48 89 44 24 50 45 8d
0x00007fff5d52ff2c:   6f 02 44 89 7c 24 48 45 8d 47 20 44 89 7c 24 40 


Stack slot to memory mapping:

stack at sp + 0 slots: 0x0 is null
stack at sp + 1 slots: 0x00007fff45155198 jimage.dll
stack at sp + 2 slots: 0x00000095f99fd740 is pointing into the stack for thread: 0x000001db1043f1e0
stack at sp + 3 slots: 0x000001db29c79ed0 points into unknown readable memory: 0x0000000000000000 | 00 00 00 00 00 00 00 00
stack at sp + 4 slots: 0x00000081e06d7363 is an unknown value
stack at sp + 5 slots: 0x0 is null
stack at sp + 6 slots: 0x00007fff5d52fe3c KERNELBASE.dll
stack at sp + 7 slots: 0x0000000000000004 is an unknown value

getstatic  178 getstatic  [0x000001db1aac76a0, 0x000001db1aac78a0]  512 bytes
[MachCode]
  0x000001db1aac76a0: 4883 ec08 | c5fa 1104 | 24eb 1f48 | 83ec 10c5 | fb11 0424 | eb14 4883 | ec10 4889 | 0424 48c7 
  0x000001db1aac76c0: 4424 0800 | 0000 00eb | 0150 410f | b755 0148 | 8b4d d0c1 | e202 8b5c | d138 c1eb | 1081 e3ff 
  0x000001db1aac76e0: 0000 0081 | fbb2 0000 | 000f 84b4 | 0000 00bb | b200 0000 | e805 0000 | 00e9 9900 | 0000 488b 
  0x000001db1aac7700: d348 8d44 | 2408 4c89 | 6dc0 498b | cfc5 f877 | 4989 afa8 | 0300 0049 | 8987 9803 | 0000 4883 
  0x000001db1aac7720: ec20 40f6 | c40f 0f84 | 1900 0000 | 4883 ec08 | 48b8 f03f | 60d9 fe7f | 0000 ffd0 | 4883 c408 
  0x000001db1aac7740: e90c 0000 | 0048 b8f0 | 3f60 d9fe | 7f00 00ff | d048 83c4 | 2049 c787 | 9803 0000 | 0000 0000 
  0x000001db1aac7760: 49c7 87a8 | 0300 0000 | 0000 0049 | c787 a003 | 0000 0000 | 0000 c5f8 | 7749 837f | 0800 0f84 
  0x000001db1aac7780: 0500 0000 | e977 97fe | ff4c 8b6d | c04c 8b75 | c84e 8d74 | f500 c341 | 0fb7 5501 | 488b 4dd0 
  0x000001db1aac77a0: c1e2 0248 | 8b5c d148 | 8b44 d150 | 4c8b 4cd1 | 404d 8b49 | 704d 8b09 | c1e8 1c83 | e00f 0f85 
  0x000001db1aac77c0: 0b00 0000 | 410f be04 | 1950 e9b5 | 0000 0083 | f801 0f85 | 0b00 0000 | 410f b604 | 1950 e9a1 
  0x000001db1aac77e0: 0000 0083 | f808 0f85 | 0e00 0000 | 418b 0419 | 48c1 e003 | 50e9 8a00 | 0000 83f8 | 040f 850a 
  0x000001db1aac7800: 0000 0041 | 8b04 1950 | e977 0000 | 0083 f802 | 0f85 0b00 | 0000 410f | b704 1950 | e963 0000 
  0x000001db1aac7820: 0083 f803 | 0f85 0b00 | 0000 410f | bf04 1950 | e94f 0000 | 0083 f805 | 0f85 1a00 | 0000 498b 
  0x000001db1aac7840: 0419 4883 | ec10 4889 | 0424 48c7 | 4424 0800 | 0000 00e9 | 2c00 0000 | 83f8 060f | 8514 0000 
  0x000001db1aac7860: 00c4 c17a | 1004 1948 | 83ec 08c5 | fa11 0424 | e90f 0000 | 00c4 c17b | 1004 1948 | 83ec 10c5 
  0x000001db1aac7880: fb11 0424 | 410f b65d | 0349 83c5 | 0349 baf0 | 62de d9fe | 7f00 0041 | ff24 da0f | 1f44 0000 
[/MachCode]

---------------  P R O C E S S  ---------------

Threads class SMR info:
_java_thread_list=0x000001db29da6860, length=11, elements={
0x000001db1043f1e0, 0x000001db29bfc400, 0x000001db29bdc9f0, 0x000001db29beb760,
0x000001db29be7320, 0x000001db29bfefd0, 0x000001db29bff640, 0x000001db29bffcb0,
0x000001db29be9e50, 0x000001db29cee360, 0x000001db29cebc00
}

Java Threads: ( => current thread )
=>0x000001db1043f1e0 JavaThread "main"                              [_thread_in_vm, id=13140, stack(0x00000095f9900000,0x00000095f9a00000) (1024K)]
  0x000001db29bfc400 JavaThread "Reference Handler"          daemon [_thread_blocked, id=15416, stack(0x00000095fa100000,0x00000095fa200000) (1024K)]
  0x000001db29bdc9f0 JavaThread "Finalizer"                  daemon [_thread_blocked, id=2712, stack(0x00000095fa200000,0x00000095fa300000) (1024K)]
  0x000001db29beb760 JavaThread "Signal Dispatcher"          daemon [_thread_blocked, id=4532, stack(0x00000095fa300000,0x00000095fa400000) (1024K)]
  0x000001db29be7320 JavaThread "Attach Listener"            daemon [_thread_blocked, id=5088, stack(0x00000095fa400000,0x00000095fa500000) (1024K)]
  0x000001db29bfefd0 JavaThread "Service Thread"             daemon [_thread_blocked, id=11368, stack(0x00000095fa500000,0x00000095fa600000) (1024K)]
  0x000001db29bff640 JavaThread "Monitor Deflation Thread"   daemon [_thread_blocked, id=3696, stack(0x00000095fa600000,0x00000095fa700000) (1024K)]
  0x000001db29bffcb0 JavaThread "C2 CompilerThread0"         daemon [_thread_blocked, id=14464, stack(0x00000095fa700000,0x00000095fa800000) (1024K)]
  0x000001db29be9e50 JavaThread "C1 CompilerThread0"         daemon [_thread_blocked, id=14260, stack(0x00000095fa800000,0x00000095fa900000) (1024K)]
  0x000001db29cee360 JavaThread "Notification Thread"        daemon [_thread_blocked, id=8372, stack(0x00000095fa900000,0x00000095faa00000) (1024K)]
  0x000001db29cebc00 JavaThread "Common-Cleaner"             daemon [_thread_blocked, id=3464, stack(0x00000095faa00000,0x00000095fab00000) (1024K)]
Total: 11

Other Threads:
  0x000001db29a286d0 VMThread "VM Thread"                           [id=7888, stack(0x00000095fa000000,0x00000095fa100000) (1024K)]
  0x000001db299c51b0 WatcherThread "VM Periodic Task Thread"        [id=11352, stack(0x00000095f9f00000,0x00000095fa000000) (1024K)]
  0x000001db1049f210 WorkerThread "GC Thread#0"                     [id=3756, stack(0x00000095f9a00000,0x00000095f9b00000) (1024K)]
  0x000001db104b0000 ConcurrentGCThread "G1 Main Marker"            [id=15268, stack(0x00000095f9b00000,0x00000095f9c00000) (1024K)]
  0x000001db104b0c70 WorkerThread "G1 Conc#0"                       [id=6832, stack(0x00000095f9c00000,0x00000095f9d00000) (1024K)]
  0x000001db104fe2e0 ConcurrentGCThread "G1 Refine#0"               [id=6392, stack(0x00000095f9d00000,0x00000095f9e00000) (1024K)]
  0x000001db104fea60 ConcurrentGCThread "G1 Service"                [id=5216, stack(0x00000095f9e00000,0x00000095f9f00000) (1024K)]
Total: 7

Threads with active compile tasks:
Total: 0

VM state: not at safepoint (normal execution)

VM Mutex/Monitor currently owned by a thread: None

Heap address: 0x0000000701e00000, size: 4066 MB, Compressed Oops mode: Zero based, Oop shift amount: 3

CDS archive(s) not mapped
Compressed class space mapped at: 0x0000000800000000-0x0000000840000000, reserved size: 1073741824
Narrow klass base: 0x0000000800000000, Narrow klass shift: 0, Narrow klass range: 0x40000000

GC Precious Log:
 CardTable entry size: 512
 Card Set container configuration: InlinePtr #cards 4 size 8 Array Of Cards #cards 16 size 48 Howl #buckets 8 coarsen threshold 3686 Howl Bitmap #cards 512 size 80 coarsen threshold 460 Card regions per heap region 1 cards per card region 4096
 CPUs: 4 total, 4 available
 Memory: 16263M
 Large Page Support: Disabled
 NUMA Support: Disabled
 Compressed Oops: Enabled (Zero based)
 Heap Region Size: 2M
 Heap Min Capacity: 8M
 Heap Initial Capacity: 256M
 Heap Max Capacity: 4066M
 Pre-touch: Disabled
 Parallel Workers: 4
 Concurrent Workers: 1
 Concurrent Refinement Workers: 4
 Periodic GC: Disabled

Heap:
 garbage-first heap   total 262144K, used 0K [0x0000000701e00000, 0x0000000800000000)
  region size 2048K, 1 young (2048K), 0 survivors (0K)
 Metaspace       used 6515K, committed 6656K, reserved 1114112K
  class space    used 571K, committed 640K, reserved 1048576K

Heap Regions: E=young(eden), S=young(survivor), O=old, HS=humongous(starts), HC=humongous(continues), CS=collection set, F=free, TAMS=top-at-mark-start, PB=parsable bottom
|   0|0x0000000701e00000, 0x0000000701e00000, 0x0000000702000000|  0%| F|  |TAMS 0x0000000701e00000| PB 0x0000000701e00000| Untracked 
|   1|0x0000000702000000, 0x0000000702000000, 0x0000000702200000|  0%| F|  |TAMS 0x0000000702000000| PB 0x0000000702000000| Untracked 
|   2|0x0000000702200000, 0x0000000702200000, 0x0000000702400000|  0%| F|  |TAMS 0x0000000702200000| PB 0x0000000702200000| Untracked 
|   3|0x0000000702400000, 0x0000000702400000, 0x0000000702600000|  0%| F|  |TAMS 0x0000000702400000| PB 0x0000000702400000| Untracked 
|   4|0x0000000702600000, 0x0000000702600000, 0x0000000702800000|  0%| F|  |TAMS 0x0000000702600000| PB 0x0000000702600000| Untracked 
|   5|0x0000000702800000, 0x0000000702800000, 0x0000000702a00000|  0%| F|  |TAMS 0x0000000702800000| PB 0x0000000702800000| Untracked 
|   6|0x0000000702a00000, 0x0000000702a00000, 0x0000000702c00000|  0%| F|  |TAMS 0x0000000702a00000| PB 0x0000000702a00000| Untracked 
|   7|0x0000000702c00000, 0x0000000702c00000, 0x0000000702e00000|  0%| F|  |TAMS 0x0000000702c00000| PB 0x0000000702c00000| Untracked 
|   8|0x0000000702e00000, 0x0000000702e00000, 0x0000000703000000|  0%| F|  |TAMS 0x0000000702e00000| PB 0x0000000702e00000| Untracked 
|   9|0x0000000703000000, 0x0000000703000000, 0x0000000703200000|  0%| F|  |TAMS 0x0000000703000000| PB 0x0000000703000000| Untracked 
|  10|0x0000000703200000, 0x0000000703200000, 0x0000000703400000|  0%| F|  |TAMS 0x0000000703200000| PB 0x0000000703200000| Untracked 
|  11|0x0000000703400000, 0x0000000703400000, 0x0000000703600000|  0%| F|  |TAMS 0x0000000703400000| PB 0x0000000703400000| Untracked 
|  12|0x0000000703600000, 0x0000000703600000, 0x0000000703800000|  0%| F|  |TAMS 0x0000000703600000| PB 0x0000000703600000| Untracked 
|  13|0x0000000703800000, 0x0000000703800000, 0x0000000703a00000|  0%| F|  |TAMS 0x0000000703800000| PB 0x0000000703800000| Untracked 
|  14|0x0000000703a00000, 0x0000000703a00000, 0x0000000703c00000|  0%| F|  |TAMS 0x0000000703a00000| PB 0x0000000703a00000| Untracked 
|  15|0x0000000703c00000, 0x0000000703c00000, 0x0000000703e00000|  0%| F|  |TAMS 0x0000000703c00000| PB 0x0000000703c00000| Untracked 
|  16|0x0000000703e00000, 0x0000000703e00000, 0x0000000704000000|  0%| F|  |TAMS 0x0000000703e00000| PB 0x0000000703e00000| Untracked 
|  17|0x0000000704000000, 0x0000000704000000, 0x0000000704200000|  0%| F|  |TAMS 0x0000000704000000| PB 0x0000000704000000| Untracked 
|  18|0x0000000704200000, 0x0000000704200000, 0x0000000704400000|  0%| F|  |TAMS 0x0000000704200000| PB 0x0000000704200000| Untracked 
|  19|0x0000000704400000, 0x0000000704400000, 0x0000000704600000|  0%| F|  |TAMS 0x0000000704400000| PB 0x0000000704400000| Untracked 
|  20|0x0000000704600000, 0x0000000704600000, 0x0000000704800000|  0%| F|  |TAMS 0x0000000704600000| PB 0x0000000704600000| Untracked 
|  21|0x0000000704800000, 0x0000000704800000, 0x0000000704a00000|  0%| F|  |TAMS 0x0000000704800000| PB 0x0000000704800000| Untracked 
|  22|0x0000000704a00000, 0x0000000704a00000, 0x0000000704c00000|  0%| F|  |TAMS 0x0000000704a00000| PB 0x0000000704a00000| Untracked 
|  23|0x0000000704c00000, 0x0000000704c00000, 0x0000000704e00000|  0%| F|  |TAMS 0x0000000704c00000| PB 0x0000000704c00000| Untracked 
|  24|0x0000000704e00000, 0x0000000704e00000, 0x0000000705000000|  0%| F|  |TAMS 0x0000000704e00000| PB 0x0000000704e00000| Untracked 
|  25|0x0000000705000000, 0x0000000705000000, 0x0000000705200000|  0%| F|  |TAMS 0x0000000705000000| PB 0x0000000705000000| Untracked 
|  26|0x0000000705200000, 0x0000000705200000, 0x0000000705400000|  0%| F|  |TAMS 0x0000000705200000| PB 0x0000000705200000| Untracked 
|  27|0x0000000705400000, 0x0000000705400000, 0x0000000705600000|  0%| F|  |TAMS 0x0000000705400000| PB 0x0000000705400000| Untracked 
|  28|0x0000000705600000, 0x0000000705600000, 0x0000000705800000|  0%| F|  |TAMS 0x0000000705600000| PB 0x0000000705600000| Untracked 
|  29|0x0000000705800000, 0x0000000705800000, 0x0000000705a00000|  0%| F|  |TAMS 0x0000000705800000| PB 0x0000000705800000| Untracked 
|  30|0x0000000705a00000, 0x0000000705a00000, 0x0000000705c00000|  0%| F|  |TAMS 0x0000000705a00000| PB 0x0000000705a00000| Untracked 
|  31|0x0000000705c00000, 0x0000000705c00000, 0x0000000705e00000|  0%| F|  |TAMS 0x0000000705c00000| PB 0x0000000705c00000| Untracked 
|  32|0x0000000705e00000, 0x0000000705e00000, 0x0000000706000000|  0%| F|  |TAMS 0x0000000705e00000| PB 0x0000000705e00000| Untracked 
|  33|0x0000000706000000, 0x0000000706000000, 0x0000000706200000|  0%| F|  |TAMS 0x0000000706000000| PB 0x0000000706000000| Untracked 
|  34|0x0000000706200000, 0x0000000706200000, 0x0000000706400000|  0%| F|  |TAMS 0x0000000706200000| PB 0x0000000706200000| Untracked 
|  35|0x0000000706400000, 0x0000000706400000, 0x0000000706600000|  0%| F|  |TAMS 0x0000000706400000| PB 0x0000000706400000| Untracked 
|  36|0x0000000706600000, 0x0000000706600000, 0x0000000706800000|  0%| F|  |TAMS 0x0000000706600000| PB 0x0000000706600000| Untracked 
|  37|0x0000000706800000, 0x0000000706800000, 0x0000000706a00000|  0%| F|  |TAMS 0x0000000706800000| PB 0x0000000706800000| Untracked 
|  38|0x0000000706a00000, 0x0000000706a00000, 0x0000000706c00000|  0%| F|  |TAMS 0x0000000706a00000| PB 0x0000000706a00000| Untracked 
|  39|0x0000000706c00000, 0x0000000706c00000, 0x0000000706e00000|  0%| F|  |TAMS 0x0000000706c00000| PB 0x0000000706c00000| Untracked 
|  40|0x0000000706e00000, 0x0000000706e00000, 0x0000000707000000|  0%| F|  |TAMS 0x0000000706e00000| PB 0x0000000706e00000| Untracked 
|  41|0x0000000707000000, 0x0000000707000000, 0x0000000707200000|  0%| F|  |TAMS 0x0000000707000000| PB 0x0000000707000000| Untracked 
|  42|0x0000000707200000, 0x0000000707200000, 0x0000000707400000|  0%| F|  |TAMS 0x0000000707200000| PB 0x0000000707200000| Untracked 
|  43|0x0000000707400000, 0x0000000707400000, 0x0000000707600000|  0%| F|  |TAMS 0x0000000707400000| PB 0x0000000707400000| Untracked 
|  44|0x0000000707600000, 0x0000000707600000, 0x0000000707800000|  0%| F|  |TAMS 0x0000000707600000| PB 0x0000000707600000| Untracked 
|  45|0x0000000707800000, 0x0000000707800000, 0x0000000707a00000|  0%| F|  |TAMS 0x0000000707800000| PB 0x0000000707800000| Untracked 
|  46|0x0000000707a00000, 0x0000000707a00000, 0x0000000707c00000|  0%| F|  |TAMS 0x0000000707a00000| PB 0x0000000707a00000| Untracked 
|  47|0x0000000707c00000, 0x0000000707c00000, 0x0000000707e00000|  0%| F|  |TAMS 0x0000000707c00000| PB 0x0000000707c00000| Untracked 
|  48|0x0000000707e00000, 0x0000000707e00000, 0x0000000708000000|  0%| F|  |TAMS 0x0000000707e00000| PB 0x0000000707e00000| Untracked 
|  49|0x0000000708000000, 0x0000000708000000, 0x0000000708200000|  0%| F|  |TAMS 0x0000000708000000| PB 0x0000000708000000| Untracked 
|  50|0x0000000708200000, 0x0000000708200000, 0x0000000708400000|  0%| F|  |TAMS 0x0000000708200000| PB 0x0000000708200000| Untracked 
|  51|0x0000000708400000, 0x0000000708400000, 0x0000000708600000|  0%| F|  |TAMS 0x0000000708400000| PB 0x0000000708400000| Untracked 
|  52|0x0000000708600000, 0x0000000708600000, 0x0000000708800000|  0%| F|  |TAMS 0x0000000708600000| PB 0x0000000708600000| Untracked 
|  53|0x0000000708800000, 0x0000000708800000, 0x0000000708a00000|  0%| F|  |TAMS 0x0000000708800000| PB 0x0000000708800000| Untracked 
|  54|0x0000000708a00000, 0x0000000708a00000, 0x0000000708c00000|  0%| F|  |TAMS 0x0000000708a00000| PB 0x0000000708a00000| Untracked 
|  55|0x0000000708c00000, 0x0000000708c00000, 0x0000000708e00000|  0%| F|  |TAMS 0x0000000708c00000| PB 0x0000000708c00000| Untracked 
|  56|0x0000000708e00000, 0x0000000708e00000, 0x0000000709000000|  0%| F|  |TAMS 0x0000000708e00000| PB 0x0000000708e00000| Untracked 
|  57|0x0000000709000000, 0x0000000709000000, 0x0000000709200000|  0%| F|  |TAMS 0x0000000709000000| PB 0x0000000709000000| Untracked 
|  58|0x0000000709200000, 0x0000000709200000, 0x0000000709400000|  0%| F|  |TAMS 0x0000000709200000| PB 0x0000000709200000| Untracked 
|  59|0x0000000709400000, 0x0000000709400000, 0x0000000709600000|  0%| F|  |TAMS 0x0000000709400000| PB 0x0000000709400000| Untracked 
|  60|0x0000000709600000, 0x0000000709600000, 0x0000000709800000|  0%| F|  |TAMS 0x0000000709600000| PB 0x0000000709600000| Untracked 
|  61|0x0000000709800000, 0x0000000709800000, 0x0000000709a00000|  0%| F|  |TAMS 0x0000000709800000| PB 0x0000000709800000| Untracked 
|  62|0x0000000709a00000, 0x0000000709a00000, 0x0000000709c00000|  0%| F|  |TAMS 0x0000000709a00000| PB 0x0000000709a00000| Untracked 
|  63|0x0000000709c00000, 0x0000000709c00000, 0x0000000709e00000|  0%| F|  |TAMS 0x0000000709c00000| PB 0x0000000709c00000| Untracked 
|  64|0x0000000709e00000, 0x0000000709e00000, 0x000000070a000000|  0%| F|  |TAMS 0x0000000709e00000| PB 0x0000000709e00000| Untracked 
|  65|0x000000070a000000, 0x000000070a000000, 0x000000070a200000|  0%| F|  |TAMS 0x000000070a000000| PB 0x000000070a000000| Untracked 
|  66|0x000000070a200000, 0x000000070a200000, 0x000000070a400000|  0%| F|  |TAMS 0x000000070a200000| PB 0x000000070a200000| Untracked 
|  67|0x000000070a400000, 0x000000070a400000, 0x000000070a600000|  0%| F|  |TAMS 0x000000070a400000| PB 0x000000070a400000| Untracked 
|  68|0x000000070a600000, 0x000000070a600000, 0x000000070a800000|  0%| F|  |TAMS 0x000000070a600000| PB 0x000000070a600000| Untracked 
|  69|0x000000070a800000, 0x000000070a800000, 0x000000070aa00000|  0%| F|  |TAMS 0x000000070a800000| PB 0x000000070a800000| Untracked 
|  70|0x000000070aa00000, 0x000000070aa00000, 0x000000070ac00000|  0%| F|  |TAMS 0x000000070aa00000| PB 0x000000070aa00000| Untracked 
|  71|0x000000070ac00000, 0x000000070ac00000, 0x000000070ae00000|  0%| F|  |TAMS 0x000000070ac00000| PB 0x000000070ac00000| Untracked 
|  72|0x000000070ae00000, 0x000000070ae00000, 0x000000070b000000|  0%| F|  |TAMS 0x000000070ae00000| PB 0x000000070ae00000| Untracked 
|  73|0x000000070b000000, 0x000000070b000000, 0x000000070b200000|  0%| F|  |TAMS 0x000000070b000000| PB 0x000000070b000000| Untracked 
|  74|0x000000070b200000, 0x000000070b200000, 0x000000070b400000|  0%| F|  |TAMS 0x000000070b200000| PB 0x000000070b200000| Untracked 
|  75|0x000000070b400000, 0x000000070b400000, 0x000000070b600000|  0%| F|  |TAMS 0x000000070b400000| PB 0x000000070b400000| Untracked 
|  76|0x000000070b600000, 0x000000070b600000, 0x000000070b800000|  0%| F|  |TAMS 0x000000070b600000| PB 0x000000070b600000| Untracked 
|  77|0x000000070b800000, 0x000000070b800000, 0x000000070ba00000|  0%| F|  |TAMS 0x000000070b800000| PB 0x000000070b800000| Untracked 
|  78|0x000000070ba00000, 0x000000070ba00000, 0x000000070bc00000|  0%| F|  |TAMS 0x000000070ba00000| PB 0x000000070ba00000| Untracked 
|  79|0x000000070bc00000, 0x000000070bc00000, 0x000000070be00000|  0%| F|  |TAMS 0x000000070bc00000| PB 0x000000070bc00000| Untracked 
|  80|0x000000070be00000, 0x000000070be00000, 0x000000070c000000|  0%| F|  |TAMS 0x000000070be00000| PB 0x000000070be00000| Untracked 
|  81|0x000000070c000000, 0x000000070c000000, 0x000000070c200000|  0%| F|  |TAMS 0x000000070c000000| PB 0x000000070c000000| Untracked 
|  82|0x000000070c200000, 0x000000070c200000, 0x000000070c400000|  0%| F|  |TAMS 0x000000070c200000| PB 0x000000070c200000| Untracked 
|  83|0x000000070c400000, 0x000000070c400000, 0x000000070c600000|  0%| F|  |TAMS 0x000000070c400000| PB 0x000000070c400000| Untracked 
|  84|0x000000070c600000, 0x000000070c600000, 0x000000070c800000|  0%| F|  |TAMS 0x000000070c600000| PB 0x000000070c600000| Untracked 
|  85|0x000000070c800000, 0x000000070c800000, 0x000000070ca00000|  0%| F|  |TAMS 0x000000070c800000| PB 0x000000070c800000| Untracked 
|  86|0x000000070ca00000, 0x000000070ca00000, 0x000000070cc00000|  0%| F|  |TAMS 0x000000070ca00000| PB 0x000000070ca00000| Untracked 
|  87|0x000000070cc00000, 0x000000070cc00000, 0x000000070ce00000|  0%| F|  |TAMS 0x000000070cc00000| PB 0x000000070cc00000| Untracked 
|  88|0x000000070ce00000, 0x000000070ce00000, 0x000000070d000000|  0%| F|  |TAMS 0x000000070ce00000| PB 0x000000070ce00000| Untracked 
|  89|0x000000070d000000, 0x000000070d000000, 0x000000070d200000|  0%| F|  |TAMS 0x000000070d000000| PB 0x000000070d000000| Untracked 
|  90|0x000000070d200000, 0x000000070d200000, 0x000000070d400000|  0%| F|  |TAMS 0x000000070d200000| PB 0x000000070d200000| Untracked 
|  91|0x000000070d400000, 0x000000070d400000, 0x000000070d600000|  0%| F|  |TAMS 0x000000070d400000| PB 0x000000070d400000| Untracked 
|  92|0x000000070d600000, 0x000000070d600000, 0x000000070d800000|  0%| F|  |TAMS 0x000000070d600000| PB 0x000000070d600000| Untracked 
|  93|0x000000070d800000, 0x000000070d800000, 0x000000070da00000|  0%| F|  |TAMS 0x000000070d800000| PB 0x000000070d800000| Untracked 
|  94|0x000000070da00000, 0x000000070da00000, 0x000000070dc00000|  0%| F|  |TAMS 0x000000070da00000| PB 0x000000070da00000| Untracked 
|  95|0x000000070dc00000, 0x000000070dc00000, 0x000000070de00000|  0%| F|  |TAMS 0x000000070dc00000| PB 0x000000070dc00000| Untracked 
|  96|0x000000070de00000, 0x000000070de00000, 0x000000070e000000|  0%| F|  |TAMS 0x000000070de00000| PB 0x000000070de00000| Untracked 
|  97|0x000000070e000000, 0x000000070e000000, 0x000000070e200000|  0%| F|  |TAMS 0x000000070e000000| PB 0x000000070e000000| Untracked 
|  98|0x000000070e200000, 0x000000070e200000, 0x000000070e400000|  0%| F|  |TAMS 0x000000070e200000| PB 0x000000070e200000| Untracked 
|  99|0x000000070e400000, 0x000000070e400000, 0x000000070e600000|  0%| F|  |TAMS 0x000000070e400000| PB 0x000000070e400000| Untracked 
| 100|0x000000070e600000, 0x000000070e600000, 0x000000070e800000|  0%| F|  |TAMS 0x000000070e600000| PB 0x000000070e600000| Untracked 
| 101|0x000000070e800000, 0x000000070e800000, 0x000000070ea00000|  0%| F|  |TAMS 0x000000070e800000| PB 0x000000070e800000| Untracked 
| 102|0x000000070ea00000, 0x000000070ea00000, 0x000000070ec00000|  0%| F|  |TAMS 0x000000070ea00000| PB 0x000000070ea00000| Untracked 
| 103|0x000000070ec00000, 0x000000070ec00000, 0x000000070ee00000|  0%| F|  |TAMS 0x000000070ec00000| PB 0x000000070ec00000| Untracked 
| 104|0x000000070ee00000, 0x000000070ee00000, 0x000000070f000000|  0%| F|  |TAMS 0x000000070ee00000| PB 0x000000070ee00000| Untracked 
| 105|0x000000070f000000, 0x000000070f000000, 0x000000070f200000|  0%| F|  |TAMS 0x000000070f000000| PB 0x000000070f000000| Untracked 
| 106|0x000000070f200000, 0x000000070f200000, 0x000000070f400000|  0%| F|  |TAMS 0x000000070f200000| PB 0x000000070f200000| Untracked 
| 107|0x000000070f400000, 0x000000070f400000, 0x000000070f600000|  0%| F|  |TAMS 0x000000070f400000| PB 0x000000070f400000| Untracked 
| 108|0x000000070f600000, 0x000000070f600000, 0x000000070f800000|  0%| F|  |TAMS 0x000000070f600000| PB 0x000000070f600000| Untracked 
| 109|0x000000070f800000, 0x000000070f800000, 0x000000070fa00000|  0%| F|  |TAMS 0x000000070f800000| PB 0x000000070f800000| Untracked 
| 110|0x000000070fa00000, 0x000000070fa00000, 0x000000070fc00000|  0%| F|  |TAMS 0x000000070fa00000| PB 0x000000070fa00000| Untracked 
| 111|0x000000070fc00000, 0x000000070fc00000, 0x000000070fe00000|  0%| F|  |TAMS 0x000000070fc00000| PB 0x000000070fc00000| Untracked 
| 112|0x000000070fe00000, 0x000000070fe00000, 0x0000000710000000|  0%| F|  |TAMS 0x000000070fe00000| PB 0x000000070fe00000| Untracked 
| 113|0x0000000710000000, 0x0000000710000000, 0x0000000710200000|  0%| F|  |TAMS 0x0000000710000000| PB 0x0000000710000000| Untracked 
| 114|0x0000000710200000, 0x0000000710200000, 0x0000000710400000|  0%| F|  |TAMS 0x0000000710200000| PB 0x0000000710200000| Untracked 
| 115|0x0000000710400000, 0x0000000710400000, 0x0000000710600000|  0%| F|  |TAMS 0x0000000710400000| PB 0x0000000710400000| Untracked 
| 116|0x0000000710600000, 0x0000000710600000, 0x0000000710800000|  0%| F|  |TAMS 0x0000000710600000| PB 0x0000000710600000| Untracked 
| 117|0x0000000710800000, 0x0000000710800000, 0x0000000710a00000|  0%| F|  |TAMS 0x0000000710800000| PB 0x0000000710800000| Untracked 
| 118|0x0000000710a00000, 0x0000000710a00000, 0x0000000710c00000|  0%| F|  |TAMS 0x0000000710a00000| PB 0x0000000710a00000| Untracked 
| 119|0x0000000710c00000, 0x0000000710c00000, 0x0000000710e00000|  0%| F|  |TAMS 0x0000000710c00000| PB 0x0000000710c00000| Untracked 
| 120|0x0000000710e00000, 0x0000000710e00000, 0x0000000711000000|  0%| F|  |TAMS 0x0000000710e00000| PB 0x0000000710e00000| Untracked 
| 121|0x0000000711000000, 0x0000000711000000, 0x0000000711200000|  0%| F|  |TAMS 0x0000000711000000| PB 0x0000000711000000| Untracked 
| 122|0x0000000711200000, 0x0000000711200000, 0x0000000711400000|  0%| F|  |TAMS 0x0000000711200000| PB 0x0000000711200000| Untracked 
| 123|0x0000000711400000, 0x0000000711400000, 0x0000000711600000|  0%| F|  |TAMS 0x0000000711400000| PB 0x0000000711400000| Untracked 
| 124|0x0000000711600000, 0x0000000711600000, 0x0000000711800000|  0%| F|  |TAMS 0x0000000711600000| PB 0x0000000711600000| Untracked 
| 125|0x0000000711800000, 0x0000000711800000, 0x0000000711a00000|  0%| F|  |TAMS 0x0000000711800000| PB 0x0000000711800000| Untracked 
| 126|0x0000000711a00000, 0x0000000711a00000, 0x0000000711c00000|  0%| F|  |TAMS 0x0000000711a00000| PB 0x0000000711a00000| Untracked 
| 127|0x0000000711c00000, 0x0000000711debb10, 0x0000000711e00000| 96%| E|  |TAMS 0x0000000711c00000| PB 0x0000000711c00000| Complete 

Card table byte_map: [0x000001db22d80000,0x000001db23580000] _byte_map_base: 0x000001db1f571000

Marking Bits: (CMBitMap*) 0x000001db1049f910
 Bits: [0x000001db23580000, 0x000001db27508000)

Polling page: 0x000001db0e390000

Metaspace:

Usage:
  Non-class:      5.80 MB used.
      Class:    571.11 KB used.
       Both:      6.36 MB used.

Virtual space:
  Non-class space:       64.00 MB reserved,       5.88 MB (  9%) committed,  1 nodes.
      Class space:        1.00 GB reserved,     640.00 KB ( <1%) committed,  1 nodes.
             Both:        1.06 GB reserved,       6.50 MB ( <1%) committed. 

Chunk freelists:
   Non-Class:  10.11 MB
       Class:  15.25 MB
        Both:  25.36 MB

MaxMetaspaceSize: unlimited
CompressedClassSpaceSize: 1.00 GB
Initial GC threshold: 21.00 MB
Current GC threshold: 21.00 MB
CDS: off
 - commit_granule_bytes: 65536.
 - commit_granule_words: 8192.
 - virtual_space_node_default_size: 8388608.
 - enlarge_chunks_in_place: 1.
 - use_allocation_guard: 0.


Internal statistics:

num_allocs_failed_limit: 0.
num_arena_births: 6.
num_arena_deaths: 0.
num_vsnodes_births: 2.
num_vsnodes_deaths: 0.
num_space_committed: 104.
num_space_uncommitted: 0.
num_chunks_returned_to_freelist: 0.
num_chunks_taken_from_freelist: 20.
num_chunk_merges: 0.
num_chunk_splits: 8.
num_chunks_enlarged: 3.
num_inconsistent_stats: 0.

CodeHeap 'non-profiled nmethods': size=120000Kb used=25Kb max_used=25Kb free=119975Kb
 bounds [0x000001db1b050000, 0x000001db1b2c0000, 0x000001db22580000]
CodeHeap 'profiled nmethods': size=120000Kb used=148Kb max_used=148Kb free=119851Kb
 bounds [0x000001db13580000, 0x000001db137f0000, 0x000001db1aab0000]
CodeHeap 'non-nmethods': size=5760Kb used=1264Kb max_used=1264Kb free=4495Kb
 bounds [0x000001db1aab0000, 0x000001db1ad20000, 0x000001db1b050000]
 total_blobs=507 nmethods=105 adapters=307
 compilation: enabled
              stopped_count=0, restarted_count=0
 full_count=0

Compilation events (20 events):
Event: 0.121 Thread 0x000001db29be9e50   85       3       java.lang.String::checkBoundsBeginEnd (11 bytes)
Event: 0.121 Thread 0x000001db29be9e50 nmethod 85 0x000001db1359d810 code [0x000001db1359d9c0, 0x000001db1359dc00]
Event: 0.126 Thread 0x000001db29be9e50   87       3       java.lang.CharacterDataLatin1::toLowerCase (44 bytes)
Event: 0.126 Thread 0x000001db29be9e50 nmethod 87 0x000001db1359dd10 code [0x000001db1359dec0, 0x000001db1359e140]
Event: 0.126 Thread 0x000001db29be9e50   88       3       java.util.HashMap::putVal (300 bytes)
Event: 0.127 Thread 0x000001db29be9e50 nmethod 88 0x000001db1359e210 code [0x000001db1359e4c0, 0x000001db1359f6d8]
Event: 0.135 Thread 0x000001db29be9e50   93       1       java.lang.Enum::ordinal (5 bytes)
Event: 0.135 Thread 0x000001db29be9e50 nmethod 93 0x000001db1b054510 code [0x000001db1b0546a0, 0x000001db1b054768]
Event: 0.142 Thread 0x000001db29be9e50   98       3       java.lang.String::substring (58 bytes)
Event: 0.142 Thread 0x000001db29be9e50 nmethod 98 0x000001db1359fc10 code [0x000001db1359fe40, 0x000001db135a0440]
Event: 0.142 Thread 0x000001db29be9e50  100       1       java.lang.invoke.MethodType::returnType (5 bytes)
Event: 0.142 Thread 0x000001db29be9e50 nmethod 100 0x000001db1b055b10 code [0x000001db1b055ca0, 0x000001db1b055d70]
Event: 0.143 Thread 0x000001db29be9e50  102       3       java.util.concurrent.ConcurrentHashMap::get (162 bytes)
Event: 0.143 Thread 0x000001db29be9e50 nmethod 102 0x000001db135a0690 code [0x000001db135a0900, 0x000001db135a13b8]
Event: 0.148 Thread 0x000001db29be9e50  103 %     3       java.util.Properties$LineReader::readLine @ 224 (584 bytes)
Event: 0.150 Thread 0x000001db29be9e50 nmethod 103% 0x000001db135a1690 code [0x000001db135a1a80, 0x000001db135a44d0]
Event: 0.150 Thread 0x000001db29be9e50  104       1       java.lang.AbstractStringBuilder::getValue (5 bytes)
Event: 0.151 Thread 0x000001db29be9e50 nmethod 104 0x000001db1b055e10 code [0x000001db1b055fa0, 0x000001db1b056070]
Event: 0.151 Thread 0x000001db29be9e50  105       1       java.lang.AbstractStringBuilder::length (5 bytes)
Event: 0.151 Thread 0x000001db29be9e50 nmethod 105 0x000001db1b056110 code [0x000001db1b0562a0, 0x000001db1b056368]

GC Heap History (0 events):
No events

Dll operation events (2 events):
Event: 0.009 Loaded shared library C:\Program Files\Android\Android Studio\jbr\bin\java.dll
Event: 0.014 Loaded shared library C:\Program Files\Android\Android Studio\jbr\bin\zip.dll

Deoptimization events (0 events):
No events

Classes loaded (20 events):
Event: 0.150 Loading class java/net/SocketPermission done
Event: 0.150 Loading class java/lang/reflect/ReflectPermission
Event: 0.150 Loading class java/lang/reflect/ReflectPermission done
Event: 0.150 Loading class sun/security/provider/SunEntries
Event: 0.150 Loading class sun/security/provider/SunEntries done
Event: 0.150 Loading class sun/security/provider/SunEntries$1
Event: 0.150 Loading class sun/security/provider/SunEntries$1 done
Event: 0.150 Loading class sun/security/provider/NativePRNG
Event: 0.150 Loading class sun/security/provider/NativePRNG done
Event: 0.150 Loading class sun/security/provider/NativePRNG$Blocking
Event: 0.150 Loading class sun/security/provider/NativePRNG$Blocking done
Event: 0.151 Loading class sun/security/provider/NativePRNG$NonBlocking
Event: 0.151 Loading class sun/security/provider/NativePRNG$NonBlocking done
Event: 0.151 Loading class java/security/Provider$Service
Event: 0.151 Loading class java/security/Provider$Service done
Event: 0.151 Loading class java/security/Provider$UString
Event: 0.151 Loading class java/security/Provider$UString done
Event: 0.151 Loading class sun/security/util/SecurityProviderConstants
Event: 0.151 Loading class sun/security/util/SecurityProviderConstants done
Event: 0.151 Loading class sun/security/util/KnownOIDs

Classes unloaded (0 events):
No events

Classes redefined (0 events):
No events

Internal exceptions (0 events):
No events

ZGC Phase Switch (0 events):
No events

VM Operations (4 events):
Event: 0.118 Executing VM operation: HandshakeAllThreads (Deoptimize)
Event: 0.118 Executing VM operation: HandshakeAllThreads (Deoptimize) done
Event: 0.128 Executing VM operation: HandshakeAllThreads (Deoptimize)
Event: 0.128 Executing VM operation: HandshakeAllThreads (Deoptimize) done

Events (14 events):
Event: 0.013 Thread 0x000001db1043f1e0 Thread added: 0x000001db1043f1e0
Event: 0.061 Thread 0x000001db29bfc400 Thread added: 0x000001db29bfc400
Event: 0.061 Thread 0x000001db29bdc9f0 Thread added: 0x000001db29bdc9f0
Event: 0.063 Thread 0x000001db29beb760 Thread added: 0x000001db29beb760
Event: 0.063 Thread 0x000001db29be7320 Thread added: 0x000001db29be7320
Event: 0.063 Thread 0x000001db29bfefd0 Thread added: 0x000001db29bfefd0
Event: 0.063 Thread 0x000001db29bff640 Thread added: 0x000001db29bff640
Event: 0.063 Thread 0x000001db29bffcb0 Thread added: 0x000001db29bffcb0
Event: 0.063 Thread 0x000001db29be9e50 Thread added: 0x000001db29be9e50
Event: 0.092 Thread 0x000001db29cee360 Thread added: 0x000001db29cee360
Event: 0.097 Thread 0x000001db29cebc00 Thread added: 0x000001db29cebc00
Event: 0.104 Loaded shared library C:\Program Files\Android\Android Studio\jbr\bin\net.dll
Event: 0.106 Loaded shared library C:\Program Files\Android\Android Studio\jbr\bin\nio.dll
Event: 0.114 Loaded shared library C:\Program Files\Android\Android Studio\jbr\bin\zip.dll


Dynamic libraries:
0x00007ff70a210000 - 0x00007ff70a21a000 	C:\Program Files\Android\Android Studio\jbr\bin\java.exe
0x00007fff5feb0000 - 0x00007fff600c7000 	C:\Windows\SYSTEM32\ntdll.dll
0x00007fff5e690000 - 0x00007fff5e754000 	C:\Windows\System32\KERNEL32.DLL
0x00007fff5d4d0000 - 0x00007fff5d8a0000 	C:\Windows\System32\KERNELBASE.dll
0x00007fff5d8a0000 - 0x00007fff5d9b1000 	C:\Windows\System32\ucrtbase.dll
0x00007fff45170000 - 0x00007fff4518b000 	C:\Program Files\Android\Android Studio\jbr\bin\VCRUNTIME140.dll
0x00007fff452e0000 - 0x00007fff452f8000 	C:\Program Files\Android\Android Studio\jbr\bin\jli.dll
0x00007fff5e040000 - 0x00007fff5e1ee000 	C:\Windows\System32\USER32.dll
0x00007fff52d00000 - 0x00007fff52f92000 	C:\Windows\WinSxS\amd64_microsoft.windows.common-controls_6595b64144ccf1df_6.0.22621.4830_none_270fe7d773858e80\COMCTL32.dll
0x00007fff5d420000 - 0x00007fff5d446000 	C:\Windows\System32\win32u.dll
0x00007fff5e1f0000 - 0x00007fff5e297000 	C:\Windows\System32\msvcrt.dll
0x00007fff5e010000 - 0x00007fff5e039000 	C:\Windows\System32\GDI32.dll
0x00007fff5d300000 - 0x00007fff5d41b000 	C:\Windows\System32\gdi32full.dll
0x00007fff5da40000 - 0x00007fff5dada000 	C:\Windows\System32\msvcp_win.dll
0x00007fff5f310000 - 0x00007fff5f341000 	C:\Windows\System32\IMM32.DLL
0x00007fff45160000 - 0x00007fff4516c000 	C:\Program Files\Android\Android Studio\jbr\bin\vcruntime140_1.dll
0x00007fff211f0000 - 0x00007fff2127d000 	C:\Program Files\Android\Android Studio\jbr\bin\msvcp140.dll
0x00007ffed9230000 - 0x00007ffed9ead000 	C:\Program Files\Android\Android Studio\jbr\bin\server\jvm.dll
0x00007fff5e760000 - 0x00007fff5e811000 	C:\Windows\System32\ADVAPI32.dll
0x00007fff5e820000 - 0x00007fff5e8c7000 	C:\Windows\System32\sechost.dll
0x00007fff5d2d0000 - 0x00007fff5d2f8000 	C:\Windows\System32\bcrypt.dll
0x00007fff5e570000 - 0x00007fff5e684000 	C:\Windows\System32\RPCRT4.dll
0x00007fff5fba0000 - 0x00007fff5fc11000 	C:\Windows\System32\WS2_32.dll
0x00007fff5d030000 - 0x00007fff5d07d000 	C:\Windows\SYSTEM32\POWRPROF.dll
0x00007fff47020000 - 0x00007fff47054000 	C:\Windows\SYSTEM32\WINMM.dll
0x00007fff57040000 - 0x00007fff5704a000 	C:\Windows\SYSTEM32\VERSION.dll
0x00007fff5d010000 - 0x00007fff5d023000 	C:\Windows\SYSTEM32\UMPDC.dll
0x00007fff5c1a0000 - 0x00007fff5c1b8000 	C:\Windows\SYSTEM32\kernel.appcore.dll
0x00007fff45150000 - 0x00007fff4515a000 	C:\Program Files\Android\Android Studio\jbr\bin\jimage.dll
0x00007fff56e00000 - 0x00007fff57032000 	C:\Windows\SYSTEM32\DBGHELP.DLL
0x00007fff5dc20000 - 0x00007fff5dfb0000 	C:\Windows\System32\combase.dll
0x00007fff5fd90000 - 0x00007fff5fe67000 	C:\Windows\System32\OLEAUT32.dll
0x00007fff56b90000 - 0x00007fff56bc2000 	C:\Windows\SYSTEM32\dbgcore.DLL
0x00007fff5d450000 - 0x00007fff5d4cb000 	C:\Windows\System32\bcryptPrimitives.dll
0x00007fff43540000 - 0x00007fff4355f000 	C:\Program Files\Android\Android Studio\jbr\bin\java.dll
0x00007fff3da90000 - 0x00007fff3daa8000 	C:\Program Files\Android\Android Studio\jbr\bin\zip.dll
0x00007fff5e8d0000 - 0x00007fff5f148000 	C:\Windows\System32\SHELL32.dll
0x00007fff5b0b0000 - 0x00007fff5b9c0000 	C:\Windows\SYSTEM32\windows.storage.dll
0x00007fff5af70000 - 0x00007fff5b0af000 	C:\Windows\SYSTEM32\wintypes.dll
0x00007fff5fc20000 - 0x00007fff5fd2a000 	C:\Windows\System32\SHCORE.dll
0x00007fff5fd30000 - 0x00007fff5fd8e000 	C:\Windows\System32\shlwapi.dll
0x00007fff5d090000 - 0x00007fff5d0bb000 	C:\Windows\SYSTEM32\profapi.dll
0x00007fff3da80000 - 0x00007fff3da90000 	C:\Program Files\Android\Android Studio\jbr\bin\net.dll
0x00007fff56c80000 - 0x00007fff56dac000 	C:\Windows\SYSTEM32\WINHTTP.dll
0x00007fff5c620000 - 0x00007fff5c68a000 	C:\Windows\system32\mswsock.dll
0x00007fff3da60000 - 0x00007fff3da76000 	C:\Program Files\Android\Android Studio\jbr\bin\nio.dll

dbghelp: loaded successfully - version: 4.0.5 - missing functions: none
symbol engine: initialized successfully - sym options: 0x614 - pdb path: .;C:\Program Files\Android\Android Studio\jbr\bin;C:\Windows\SYSTEM32;C:\Windows\WinSxS\amd64_microsoft.windows.common-controls_6595b64144ccf1df_6.0.22621.4830_none_270fe7d773858e80;C:\Program Files\Android\Android Studio\jbr\bin\server

VM Arguments:
java_command: git4idea.http.GitAskPassApp Username for 'https://github.com': 
java_class_path (initial): C:/Program Files/Android/Android Studio/plugins/vcs-git/lib/git4idea-rt.jar;C:/Program Files/Android/Android Studio/lib/externalProcess-rt.jar
Launcher Type: SUN_STANDARD

[Global flags]
     intx CICompilerCount                          = 3                                         {product} {ergonomic}
     uint ConcGCThreads                            = 1                                         {product} {ergonomic}
     uint G1ConcRefinementThreads                  = 4                                         {product} {ergonomic}
   size_t G1HeapRegionSize                         = 2097152                                   {product} {ergonomic}
    uintx GCDrainStackTargetSize                   = 64                                        {product} {ergonomic}
   size_t InitialHeapSize                          = 268435456                                 {product} {ergonomic}
   size_t MarkStackSize                            = 4194304                                   {product} {ergonomic}
   size_t MaxHeapSize                              = 4263510016                                {product} {ergonomic}
   size_t MaxNewSize                               = 2556428288                                {product} {ergonomic}
   size_t MinHeapDeltaBytes                        = 2097152                                   {product} {ergonomic}
   size_t MinHeapSize                              = 8388608                                   {product} {ergonomic}
    uintx NonNMethodCodeHeapSize                   = 5832780                                {pd product} {ergonomic}
    uintx NonProfiledCodeHeapSize                  = 122912730                              {pd product} {ergonomic}
    uintx ProfiledCodeHeapSize                     = 122912730                              {pd product} {ergonomic}
    uintx ReservedCodeCacheSize                    = 251658240                              {pd product} {ergonomic}
     bool SegmentedCodeCache                       = true                                      {product} {ergonomic}
   size_t SoftMaxHeapSize                          = 4263510016                             {manageable} {ergonomic}
     bool UseCompressedOops                        = true                           {product lp64_product} {ergonomic}
     bool UseG1GC                                  = true                                      {product} {ergonomic}
     bool UseLargePagesIndividualAllocation        = false                                  {pd product} {ergonomic}

Logging:
Log output configuration:
 #0: stdout all=warning uptime,level,tags foldmultilines=false
 #1: stderr all=off uptime,level,tags foldmultilines=false

Environment Variables:
PATH=C:\Program Files\Git\mingw64\libexec\git-core;C:\Program Files\Git\mingw64\libexec\git-core;C:\Program Files\Git\mingw64\bin;C:\Program Files\Git\usr\bin;C:\Users\Hp\bin;C:\Program Files\Common Files\Oracle\Java\javapath;C:\Python312\Scripts;C:\Python312;C:\Windows\system32;C:\Windows;C:\Windows\System32\Wbem;C:\Windows\System32\WindowsPowerShell\v1.0;C:\Windows\System32\OpenSSH;C:\xampp2\php;C:\composer;C:\xampp\php;C:\Program Files\PuTTY;C:\Program Files\nodejs;C:\ProgramData\chocolatey\bin;C:\Program Files (x86)\Bitvise SSH Client;C:\Program Files\Git\cmd;C:\Program Files\TortoiseSVN\bin;C:\Users\Hp\AppData\Local\Programs\Python\Python313\Scripts;C:\Users\Hp\AppData\Local\Programs\Python\Python313;C:\composer\composer.phar;C:\Users\Hp\AppData\Roaming\Composer\vendor\bin;C:\Users\Hp\AppData\Local\Programs\Microsoft VS Code\bin;C:\Users\Hp\AppData\Roaming\npm;C:\Program Files\JetBrains\IntelliJ IDEA Community Edition 2024.3.2.2\bin
USERNAME=Hp
DISPLAY=:0.0
LC_ALL=en_US.UTF-8
TERM=xterm-256color
TMPDIR=C:\Users\Hp\AppData\Local\Temp
OS=Windows_NT
PROCESSOR_IDENTIFIER=Intel64 Family 6 Model 94 Stepping 3, GenuineIntel
TMP=C:\Users\Hp\AppData\Local\Temp
TEMP=C:\Users\Hp\AppData\Local\Temp




Periodic native trim disabled

JNI global refs:
JNI global refs: 7, weak refs: 0

JNI global refs memory usage: 835, weak refs: 201

Process memory usage:
Resident Set Size: 36356K (0% of 16654004K total physical memory with 971596K free physical memory)

OOME stack traces (most recent first):
Classloader memory used:
Loader bootstrap                                                                       : 6498K
Loader jdk.internal.loader.ClassLoaders$AppClassLoader                                 : 16408B

---------------  S Y S T E M  ---------------

OS:
 Windows 11 , 64 bit Build 22621 (10.0.22621.4830)
OS uptime: 41 days 5:49 hours

CPU: total 4 (initial active 4) (4 cores per cpu, 1 threads per core) family 6 model 94 stepping 3 microcode 0xf0, cx8, cmov, fxsr, mmx, 3dnowpref, sse, sse2, sse3, ssse3, sse4.1, sse4.2, popcnt, lzcnt, tsc, tscinvbit, avx, avx2, aes, erms, clmul, bmi1, bmi2, rtm, adx, fma, vzeroupper, clflush, clflushopt, rdtscp, f16c
Processor Information for all 4 processors :
  Max Mhz: 2496, Current Mhz: 2496, Mhz Limit: 2496

Memory: 4k page, system-wide physical 16263M (948M free)
TotalPageFile size 65128M (AvailPageFile size 5M)
current process WorkingSet (physical memory assigned to process): 35M, peak: 35M
current process commit charge ("private bytes"): 326M, peak: 327M

vm_info: OpenJDK 64-Bit Server VM (21.0.3+-12282718-b509.11) for windows-amd64 JRE (21.0.3+-12282718-b509.11), built on 2024-08-27T17:34:15Z by "builder" with MS VC++ 16.10 / 16.11 (VS2019)

END.
